#
# There is insufficient memory for the Java Runtime Environment to continue.
# Native memory allocation (malloc) failed to allocate 427168 bytes for Chunk::new
# Possible reasons:
#   The system is out of physical RAM or swap space
#   The process is running with CompressedOops enabled, and the Java Heap may be blocking the growth of the native heap
# Possible solutions:
#   Reduce memory load on the system
#   Increase physical memory or swap space
#   Check if swap backing store is full
#   Decrease Java heap size (-Xmx/-Xms)
#   Decrease number of Java threads
#   Decrease Java thread stack sizes (-Xss)
#   Set larger code cache with -XX:ReservedCodeCacheSize=
#   JVM is running with Unscaled Compressed Oops mode in which the Java heap is
#     placed in the first 4GB address space. The Java Heap base address is the
#     maximum limit for the native heap growth. Please use -XX:HeapBaseMinAddress
#     to set the Java Heap base and to place the Java Heap above 4GB virtual address.
# This output file may be truncated or incomplete.
#
#  Out of Memory Error (arena.cpp:184), pid=17560, tid=3664
#
# JRE version: Java(TM) SE Runtime Environment (18.0.1+10) (build 18.0.1+10-24)
# Java VM: Java HotSpot(TM) 64-Bit Server VM (18.0.1+10-24, mixed mode, sharing, tiered, compressed oops, compressed class ptrs, g1 gc, windows-amd64)
# No core dump will be written. Minidumps are not enabled by default on client versions of Windows
#

---------------  S U M M A R Y ------------

Command Line: -Dmaven.multiModuleProjectDirectory=E:\SLIIT PROJECTS\3rd year projects\DS\Movie_Reservation\Backend\ds_assignment -Dmaven.home=C:\Program Files\JetBrains\IntelliJ IDEA 2021.2.2\plugins\maven\lib\maven3 -Dclassworlds.conf=C:\Program Files\JetBrains\IntelliJ IDEA 2021.2.2\plugins\maven\lib\maven3\bin\m2.conf -Dmaven.ext.class.path=C:\Program Files\JetBrains\IntelliJ IDEA 2021.2.2\plugins\maven\lib\maven-event-listener.jar -javaagent:C:\Program Files\JetBrains\IntelliJ IDEA 2021.2.2\lib\idea_rt.jar=55352:C:\Program Files\JetBrains\IntelliJ IDEA 2021.2.2\bin -Dfile.encoding=UTF-8 org.codehaus.classworlds.Launcher -Didea.version=2021.2.2 clean install

Host: Intel(R) Core(TM) i5-8250U CPU @ 1.60GHz, 8 cores, 7G,  Windows 10 , 64 bit Build 19041 (10.0.19041.1706)
Time: Wed May 25 18:01:40 2022 Sri Lanka Standard Time elapsed time: 16.128903 seconds (0d 0h 0m 16s)

---------------  T H R E A D  ---------------

Current thread (0x000002dd5fec3720):  JavaThread "C2 CompilerThread0" daemon [_thread_in_native, id=3664, stack(0x000000e95c600000,0x000000e95c700000)]


Current CompileTask:
C2:  16128 9302   !   4       sun.nio.cs.StreamDecoder::read (196 bytes)

Stack: [0x000000e95c600000,0x000000e95c700000]
Native frames: (J=compiled Java code, j=interpreted, Vv=VM code, C=native code)
V  [jvm.dll+0x69887a]
V  [jvm.dll+0x7f38bd]
V  [jvm.dll+0x7f51ce]
V  [jvm.dll+0x7f5883]
V  [jvm.dll+0x25ca3f]
V  [jvm.dll+0xb8c2f]
V  [jvm.dll+0xb8fa5]
V  [jvm.dll+0x385a6b]
V  [jvm.dll+0x34f811]
V  [jvm.dll+0x34ecaa]
V  [jvm.dll+0x22fc21]
V  [jvm.dll+0x22eff1]
V  [jvm.dll+0x1b9cfc]
V  [jvm.dll+0x23e8ca]
V  [jvm.dll+0x23cbb5]
V  [jvm.dll+0x7a5fb1]
V  [jvm.dll+0x7a03ea]
V  [jvm.dll+0x697725]
C  [ucrtbase.dll+0x21bb2]
C  [KERNEL32.DLL+0x17034]
C  [ntdll.dll+0x52651]


---------------  P R O C E S S  ---------------

Threads class SMR info:
_java_thread_list=0x000002dd66971e40, length=24, elements={
0x000002dd41d45440, 0x000002dd5fe90f40, 0x000002dd5fe91ba0, 0x000002dd5feae330,
0x000002dd5feaecd0, 0x000002dd5feaf670, 0x000002dd5feb0010, 0x000002dd5fec3720,
0x000002dd5fec5300, 0x000002dd5fedc460, 0x000002dd64175e10, 0x000002dd6425a050,
0x000002dd6425a720, 0x000002dd67f17830, 0x000002dd681a8ac0, 0x000002dd680360a0,
0x000002dd67ebdd60, 0x000002dd649c8cc0, 0x000002dd649cb340, 0x000002dd649ca000,
0x000002dd649ca9a0, 0x000002dd649c9b30, 0x000002dd649c7980, 0x000002dd649cae70
}

Java Threads: ( => current thread )
  0x000002dd41d45440 JavaThread "main" [_thread_in_native, id=23020, stack(0x000000e95b900000,0x000000e95ba00000)]
  0x000002dd5fe90f40 JavaThread "Reference Handler" daemon [_thread_blocked, id=13992, stack(0x000000e95c000000,0x000000e95c100000)]
  0x000002dd5fe91ba0 JavaThread "Finalizer" daemon [_thread_blocked, id=8848, stack(0x000000e95c100000,0x000000e95c200000)]
  0x000002dd5feae330 JavaThread "Signal Dispatcher" daemon [_thread_blocked, id=11896, stack(0x000000e95c200000,0x000000e95c300000)]
  0x000002dd5feaecd0 JavaThread "Attach Listener" daemon [_thread_blocked, id=14424, stack(0x000000e95c300000,0x000000e95c400000)]
  0x000002dd5feaf670 JavaThread "Service Thread" daemon [_thread_blocked, id=17540, stack(0x000000e95c400000,0x000000e95c500000)]
  0x000002dd5feb0010 JavaThread "Monitor Deflation Thread" daemon [_thread_blocked, id=27588, stack(0x000000e95c500000,0x000000e95c600000)]
=>0x000002dd5fec3720 JavaThread "C2 CompilerThread0" daemon [_thread_in_native, id=3664, stack(0x000000e95c600000,0x000000e95c700000)]
  0x000002dd5fec5300 JavaThread "C1 CompilerThread0" daemon [_thread_blocked, id=20768, stack(0x000000e95c700000,0x000000e95c800000)]
  0x000002dd5fedc460 JavaThread "Sweeper thread" daemon [_thread_blocked, id=20152, stack(0x000000e95c800000,0x000000e95c900000)]
  0x000002dd64175e10 JavaThread "Common-Cleaner" daemon [_thread_blocked, id=16140, stack(0x000000e95c900000,0x000000e95ca00000)]
  0x000002dd6425a050 JavaThread "Monitor Ctrl-Break" daemon [_thread_in_native, id=1044, stack(0x000000e95ca00000,0x000000e95cb00000)]
  0x000002dd6425a720 JavaThread "Notification Thread" daemon [_thread_blocked, id=24356, stack(0x000000e95cb00000,0x000000e95cc00000)]
  0x000002dd67f17830 JavaThread "resolver-1" daemon [_thread_blocked, id=13400, stack(0x000000e95da00000,0x000000e95db00000)]
  0x000002dd681a8ac0 JavaThread "resolver-2" daemon [_thread_blocked, id=1256, stack(0x000000e95db00000,0x000000e95dc00000)]
  0x000002dd680360a0 JavaThread "resolver-3" daemon [_thread_blocked, id=20052, stack(0x000000e95dc00000,0x000000e95dd00000)]
  0x000002dd67ebdd60 JavaThread "resolver-4" daemon [_thread_blocked, id=23756, stack(0x000000e95dd00000,0x000000e95de00000)]
  0x000002dd649c8cc0 JavaThread "resolver-5" daemon [_thread_blocked, id=23564, stack(0x000000e95de00000,0x000000e95df00000)]
  0x000002dd649cb340 JavaThread "timeout-check-timer" daemon [_thread_blocked, id=19452, stack(0x000000e95df00000,0x000000e95e000000)]
  0x000002dd649ca000 JavaThread "ping-timer-10s" daemon [_thread_blocked, id=28744, stack(0x000000e95e000000,0x000000e95e100000)]
  0x000002dd649ca9a0 JavaThread "ThreadedStreamConsumer" daemon [_thread_blocked, id=3660, stack(0x000000e95e100000,0x000000e95e200000)]
  0x000002dd649c9b30 JavaThread "Thread-2" [_thread_blocked, id=20628, stack(0x000000e95e200000,0x000000e95e300000)]
  0x000002dd649c7980 JavaThread "Thread-3" [_thread_in_native, id=23440, stack(0x000000e95e300000,0x000000e95e400000)]
  0x000002dd649cae70 JavaThread "Thread-4" [_thread_in_native, id=25916, stack(0x000000e95e400000,0x000000e95e500000)]

Other Threads:
  0x000002dd41dbdb80 VMThread "VM Thread" [stack: 0x000000e95bf00000,0x000000e95c000000] [id=17376]
  0x000002dd6425ecd0 WatcherThread "VM Periodic Task Thread" [stack: 0x000000e95cc00000,0x000000e95cd00000] [id=23832]
  0x000002dd41da3b20 WorkerThread "GC Thread#0" [stack: 0x000000e95ba00000,0x000000e95bb00000] [id=2384]
  0x000002dd64bdcad0 WorkerThread "GC Thread#1" [stack: 0x000000e95ce00000,0x000000e95cf00000] [id=19856]
  0x000002dd64812ff0 WorkerThread "GC Thread#2" [stack: 0x000000e95cf00000,0x000000e95d000000] [id=23628]
  0x000002dd64bcecb0 WorkerThread "GC Thread#3" [stack: 0x000000e95d000000,0x000000e95d100000] [id=23736]
  0x000002dd64813290 WorkerThread "GC Thread#4" [stack: 0x000000e95d100000,0x000000e95d200000] [id=16320]
  0x000002dd651a02b0 WorkerThread "GC Thread#5" [stack: 0x000000e95d200000,0x000000e95d300000] [id=23820]
  0x000002dd651a0550 WorkerThread "GC Thread#6" [stack: 0x000000e95d300000,0x000000e95d400000] [id=24244]
  0x000002dd651a07f0 WorkerThread "GC Thread#7" [stack: 0x000000e95d400000,0x000000e95d500000] [id=24272]
  0x000002dd41db66b0 ConcurrentGCThread "G1 Main Marker" [stack: 0x000000e95bb00000,0x000000e95bc00000] [id=18204]
  0x000002dd41db70a0 WorkerThread "G1 Conc#0" [stack: 0x000000e95bc00000,0x000000e95bd00000] [id=18572]
  0x000002dd65636d90 WorkerThread "G1 Conc#1" [stack: 0x000000e95cd00000,0x000000e95ce00000] [id=25472]
  0x000002dd41e0c220 ConcurrentGCThread "G1 Refine#0" [stack: 0x000000e95bd00000,0x000000e95be00000] [id=15080]
  0x000002dd64b57250 ConcurrentGCThread "G1 Refine#1" [stack: 0x000000e95d500000,0x000000e95d600000] [id=28420]
  0x000002dd64b56440 ConcurrentGCThread "G1 Refine#2" [stack: 0x000000e95d600000,0x000000e95d700000] [id=22368]
  0x000002dd64b56710 ConcurrentGCThread "G1 Refine#3" [stack: 0x000000e95d700000,0x000000e95d800000] [id=1572]
  0x000002dd64b569e0 ConcurrentGCThread "G1 Refine#4" [stack: 0x000000e95d800000,0x000000e95d900000] [id=23708]
  0x000002dd64b56cb0 ConcurrentGCThread "G1 Refine#5" [stack: 0x000000e95d900000,0x000000e95da00000] [id=22080]
  0x000002dd41e0cb30 ConcurrentGCThread "G1 Service" [stack: 0x000000e95be00000,0x000000e95bf00000] [id=14624]

Threads with active compile tasks:
C2 CompilerThread0    16168 9302   !   4       sun.nio.cs.StreamDecoder::read (196 bytes)

VM state: not at safepoint (normal execution)

VM Mutex/Monitor currently owned by a thread: None

Heap address: 0x0000000081e00000, size: 2018 MB, Compressed Oops mode: 32-bit

CDS archive(s) mapped at: [0x0000000800000000-0x0000000800ba0000-0x0000000800ba0000), size 12189696, SharedBaseAddress: 0x0000000800000000, ArchiveRelocationMode: 0.
Compressed class space mapped at: 0x0000000800c00000-0x0000000840c00000, reserved size: 1073741824
Narrow klass base: 0x0000000800000000, Narrow klass shift: 0, Narrow klass range: 0x100000000

GC Precious Log:
 CardTable entry size: 512
 Card Set container configuration: InlinePtr #cards 5 size 8 Array Of Cards #cards 12 size 40 Howl #buckets 4 coarsen threshold 1843 Howl Bitmap #cards 512 size 80 coarsen threshold 460 Card regions per heap region 1 cards per card region 2048
 CPUs: 8 total, 8 available
 Memory: 8070M
 Large Page Support: Disabled
 NUMA Support: Disabled
 Compressed Oops: Enabled (32-bit)
 Heap Region Size: 1M
 Heap Min Capacity: 8M
 Heap Initial Capacity: 128M
 Heap Max Capacity: 2018M
 Pre-touch: Disabled
 Parallel Workers: 8
 Concurrent Workers: 2
 Concurrent Refinement Workers: 8
 Periodic GC: Disabled

Heap:
 garbage-first heap   total 126976K, used 83680K [0x0000000081e00000, 0x0000000100000000)
  region size 1024K, 35 young (35840K), 4 survivors (4096K)
 Metaspace       used 38375K, committed 38976K, reserved 1114112K
  class space    used 4123K, committed 4416K, reserved 1048576K

Heap Regions: E=young(eden), S=young(survivor), O=old, HS=humongous(starts), HC=humongous(continues), CS=collection set, F=free, OA=open archive, CA=closed archive, TAMS=top-at-mark-start (previous, next)
|   0|0x0000000081e00000, 0x0000000081f00000, 0x0000000081f00000|100%| O|  |TAMS 0x0000000081f00000, 0x0000000081e00000| Untracked 
|   1|0x0000000081f00000, 0x0000000082000000, 0x0000000082000000|100%| O|  |TAMS 0x0000000082000000, 0x0000000081f00000| Untracked 
|   2|0x0000000082000000, 0x0000000082100000, 0x0000000082100000|100%| O|  |TAMS 0x0000000082100000, 0x0000000082000000| Untracked 
|   3|0x0000000082100000, 0x0000000082200000, 0x0000000082200000|100%| O|  |TAMS 0x0000000082200000, 0x0000000082100000| Untracked 
|   4|0x0000000082200000, 0x0000000082300000, 0x0000000082300000|100%| O|  |TAMS 0x0000000082300000, 0x0000000082200000| Untracked 
|   5|0x0000000082300000, 0x0000000082400000, 0x0000000082400000|100%| O|  |TAMS 0x0000000082400000, 0x0000000082300000| Untracked 
|   6|0x0000000082400000, 0x0000000082500000, 0x0000000082500000|100%| O|  |TAMS 0x0000000082500000, 0x0000000082400000| Untracked 
|   7|0x0000000082500000, 0x0000000082600000, 0x0000000082600000|100%| O|  |TAMS 0x0000000082600000, 0x0000000082500000| Untracked 
|   8|0x0000000082600000, 0x0000000082700000, 0x0000000082700000|100%| O|  |TAMS 0x0000000082700000, 0x0000000082600000| Untracked 
|   9|0x0000000082700000, 0x0000000082800000, 0x0000000082800000|100%| O|  |TAMS 0x0000000082800000, 0x0000000082700000| Untracked 
|  10|0x0000000082800000, 0x0000000082900000, 0x0000000082900000|100%| O|  |TAMS 0x0000000082900000, 0x0000000082800000| Untracked 
|  11|0x0000000082900000, 0x00000000829ed800, 0x0000000082a00000| 92%| O|  |TAMS 0x00000000829ed800, 0x0000000082900000| Untracked 
|  12|0x0000000082a00000, 0x0000000082b00000, 0x0000000082b00000|100%|HS|  |TAMS 0x0000000082b00000, 0x0000000082a00000| Complete 
|  13|0x0000000082b00000, 0x0000000082c00000, 0x0000000082c00000|100%| O|  |TAMS 0x0000000082c00000, 0x0000000082b00000| Untracked 
|  14|0x0000000082c00000, 0x0000000082d00000, 0x0000000082d00000|100%| O|  |TAMS 0x0000000082d00000, 0x0000000082c00000| Complete 
|  15|0x0000000082d00000, 0x0000000082d00000, 0x0000000082e00000|  0%| F|  |TAMS 0x0000000082d00000, 0x0000000082d00000| Untracked 
|  16|0x0000000082e00000, 0x0000000082f00000, 0x0000000082f00000|100%| O|  |TAMS 0x0000000082f00000, 0x0000000082e00000| Untracked 
|  17|0x0000000082f00000, 0x0000000083000000, 0x0000000083000000|100%| O|  |TAMS 0x0000000083000000, 0x0000000082f00000| Untracked 
|  18|0x0000000083000000, 0x0000000083100000, 0x0000000083100000|100%| O|  |TAMS 0x0000000083100000, 0x0000000083000000| Untracked 
|  19|0x0000000083100000, 0x0000000083200000, 0x0000000083200000|100%| O|  |TAMS 0x0000000083200000, 0x0000000083100000| Untracked 
|  20|0x0000000083200000, 0x0000000083300000, 0x0000000083300000|100%| O|  |TAMS 0x0000000083300000, 0x0000000083200000| Untracked 
|  21|0x0000000083300000, 0x0000000083400000, 0x0000000083400000|100%| O|  |TAMS 0x0000000083400000, 0x0000000083300000| Untracked 
|  22|0x0000000083400000, 0x0000000083500000, 0x0000000083500000|100%| O|  |TAMS 0x0000000083500000, 0x0000000083400000| Untracked 
|  23|0x0000000083500000, 0x0000000083600000, 0x0000000083600000|100%| O|  |TAMS 0x0000000083600000, 0x0000000083500000| Complete 
|  24|0x0000000083600000, 0x0000000083700000, 0x0000000083700000|100%| O|  |TAMS 0x0000000083700000, 0x0000000083600000| Untracked 
|  25|0x0000000083700000, 0x0000000083800000, 0x0000000083800000|100%| O|  |TAMS 0x0000000083800000, 0x0000000083700000| Untracked 
|  26|0x0000000083800000, 0x0000000083900000, 0x0000000083900000|100%| O|  |TAMS 0x0000000083900000, 0x0000000083800000| Untracked 
|  27|0x0000000083900000, 0x0000000083a00000, 0x0000000083a00000|100%| O|  |TAMS 0x0000000083a00000, 0x0000000083900000| Untracked 
|  28|0x0000000083a00000, 0x0000000083b00000, 0x0000000083b00000|100%| O|  |TAMS 0x0000000083b00000, 0x0000000083a00000| Untracked 
|  29|0x0000000083b00000, 0x0000000083c00000, 0x0000000083c00000|100%| O|  |TAMS 0x0000000083c00000, 0x0000000083b00000| Complete 
|  30|0x0000000083c00000, 0x0000000083d00000, 0x0000000083d00000|100%| O|  |TAMS 0x0000000083d00000, 0x0000000083c00000| Complete 
|  31|0x0000000083d00000, 0x0000000083e00000, 0x0000000083e00000|100%| O|  |TAMS 0x0000000083e00000, 0x0000000083d00000| Complete 
|  32|0x0000000083e00000, 0x0000000083f00000, 0x0000000083f00000|100%| O|  |TAMS 0x0000000083f00000, 0x0000000083e00000| Untracked 
|  33|0x0000000083f00000, 0x0000000084000000, 0x0000000084000000|100%| O|  |TAMS 0x0000000084000000, 0x0000000083f00000| Untracked 
|  34|0x0000000084000000, 0x0000000084100000, 0x0000000084100000|100%| O|  |TAMS 0x0000000084100000, 0x0000000084000000| Complete 
|  35|0x0000000084100000, 0x0000000084200000, 0x0000000084200000|100%| O|  |TAMS 0x0000000084200000, 0x0000000084100000| Untracked 
|  36|0x0000000084200000, 0x0000000084300000, 0x0000000084300000|100%| O|  |TAMS 0x0000000084300000, 0x0000000084200000| Untracked 
|  37|0x0000000084300000, 0x0000000084400000, 0x0000000084400000|100%| O|  |TAMS 0x0000000084400000, 0x0000000084300000| Untracked 
|  38|0x0000000084400000, 0x0000000084500000, 0x0000000084500000|100%| O|  |TAMS 0x0000000084500000, 0x0000000084400000| Untracked 
|  39|0x0000000084500000, 0x0000000084600000, 0x0000000084600000|100%| O|  |TAMS 0x0000000084600000, 0x0000000084500000| Untracked 
|  40|0x0000000084600000, 0x0000000084700000, 0x0000000084700000|100%| O|  |TAMS 0x0000000084700000, 0x0000000084600000| Untracked 
|  41|0x0000000084700000, 0x0000000084800000, 0x0000000084800000|100%| O|  |TAMS 0x0000000084800000, 0x0000000084700000| Untracked 
|  42|0x0000000084800000, 0x0000000084900000, 0x0000000084900000|100%| O|  |TAMS 0x0000000084900000, 0x0000000084800000| Untracked 
|  43|0x0000000084900000, 0x00000000849e1c00, 0x0000000084a00000| 88%| O|  |TAMS 0x00000000849e1c00, 0x0000000084900000| Untracked 
|  44|0x0000000084a00000, 0x0000000084a00000, 0x0000000084b00000|  0%| F|  |TAMS 0x0000000084a00000, 0x0000000084a00000| Untracked 
|  45|0x0000000084b00000, 0x0000000084b00000, 0x0000000084c00000|  0%| F|  |TAMS 0x0000000084b00000, 0x0000000084b00000| Untracked 
|  46|0x0000000084c00000, 0x0000000084c00000, 0x0000000084d00000|  0%| F|  |TAMS 0x0000000084c00000, 0x0000000084c00000| Untracked 
|  47|0x0000000084d00000, 0x0000000084d00000, 0x0000000084e00000|  0%| F|  |TAMS 0x0000000084d00000, 0x0000000084d00000| Untracked 
|  48|0x0000000084e00000, 0x0000000084e00000, 0x0000000084f00000|  0%| F|  |TAMS 0x0000000084e00000, 0x0000000084e00000| Untracked 
|  49|0x0000000084f00000, 0x0000000084f00000, 0x0000000085000000|  0%| F|  |TAMS 0x0000000084f00000, 0x0000000084f00000| Untracked 
|  50|0x0000000085000000, 0x0000000085000000, 0x0000000085100000|  0%| F|  |TAMS 0x0000000085000000, 0x0000000085000000| Untracked 
|  51|0x0000000085100000, 0x0000000085100000, 0x0000000085200000|  0%| F|  |TAMS 0x0000000085100000, 0x0000000085100000| Untracked 
|  52|0x0000000085200000, 0x0000000085200000, 0x0000000085300000|  0%| F|  |TAMS 0x0000000085200000, 0x0000000085200000| Untracked 
|  53|0x0000000085300000, 0x0000000085300000, 0x0000000085400000|  0%| F|  |TAMS 0x0000000085300000, 0x0000000085300000| Untracked 
|  54|0x0000000085400000, 0x0000000085400000, 0x0000000085500000|  0%| F|  |TAMS 0x0000000085400000, 0x0000000085400000| Untracked 
|  55|0x0000000085500000, 0x0000000085500000, 0x0000000085600000|  0%| F|  |TAMS 0x0000000085500000, 0x0000000085500000| Untracked 
|  56|0x0000000085600000, 0x0000000085600000, 0x0000000085700000|  0%| F|  |TAMS 0x0000000085600000, 0x0000000085600000| Untracked 
|  57|0x0000000085700000, 0x0000000085700000, 0x0000000085800000|  0%| F|  |TAMS 0x0000000085700000, 0x0000000085700000| Untracked 
|  58|0x0000000085800000, 0x0000000085800000, 0x0000000085900000|  0%| F|  |TAMS 0x0000000085800000, 0x0000000085800000| Untracked 
|  59|0x0000000085900000, 0x0000000085900000, 0x0000000085a00000|  0%| F|  |TAMS 0x0000000085900000, 0x0000000085900000| Untracked 
|  60|0x0000000085a00000, 0x0000000085a00000, 0x0000000085b00000|  0%| F|  |TAMS 0x0000000085a00000, 0x0000000085a00000| Untracked 
|  61|0x0000000085b00000, 0x0000000085b00000, 0x0000000085c00000|  0%| F|  |TAMS 0x0000000085b00000, 0x0000000085b00000| Untracked 
|  62|0x0000000085c00000, 0x0000000085c00000, 0x0000000085d00000|  0%| F|  |TAMS 0x0000000085c00000, 0x0000000085c00000| Untracked 
|  63|0x0000000085d00000, 0x0000000085de8f80, 0x0000000085e00000| 91%| S|CS|TAMS 0x0000000085d00000, 0x0000000085d00000| Complete 
|  64|0x0000000085e00000, 0x0000000085f00000, 0x0000000085f00000|100%| S|CS|TAMS 0x0000000085e00000, 0x0000000085e00000| Complete 
|  65|0x0000000085f00000, 0x0000000086000000, 0x0000000086000000|100%| S|CS|TAMS 0x0000000085f00000, 0x0000000085f00000| Complete 
|  66|0x0000000086000000, 0x0000000086100000, 0x0000000086100000|100%| S|CS|TAMS 0x0000000086000000, 0x0000000086000000| Complete 
|  67|0x0000000086100000, 0x0000000086100000, 0x0000000086200000|  0%| F|  |TAMS 0x0000000086100000, 0x0000000086100000| Untracked 
|  68|0x0000000086200000, 0x0000000086200000, 0x0000000086300000|  0%| F|  |TAMS 0x0000000086200000, 0x0000000086200000| Untracked 
|  69|0x0000000086300000, 0x0000000086300000, 0x0000000086400000|  0%| F|  |TAMS 0x0000000086300000, 0x0000000086300000| Untracked 
|  70|0x0000000086400000, 0x0000000086400000, 0x0000000086500000|  0%| F|  |TAMS 0x0000000086400000, 0x0000000086400000| Untracked 
|  71|0x0000000086500000, 0x0000000086500000, 0x0000000086600000|  0%| F|  |TAMS 0x0000000086500000, 0x0000000086500000| Untracked 
|  72|0x0000000086600000, 0x0000000086600000, 0x0000000086700000|  0%| F|  |TAMS 0x0000000086600000, 0x0000000086600000| Untracked 
|  73|0x0000000086700000, 0x0000000086700000, 0x0000000086800000|  0%| F|  |TAMS 0x0000000086700000, 0x0000000086700000| Untracked 
|  74|0x0000000086800000, 0x0000000086800000, 0x0000000086900000|  0%| F|  |TAMS 0x0000000086800000, 0x0000000086800000| Untracked 
|  75|0x0000000086900000, 0x0000000086900000, 0x0000000086a00000|  0%| F|  |TAMS 0x0000000086900000, 0x0000000086900000| Untracked 
|  76|0x0000000086a00000, 0x0000000086a00000, 0x0000000086b00000|  0%| F|  |TAMS 0x0000000086a00000, 0x0000000086a00000| Untracked 
|  77|0x0000000086b00000, 0x0000000086b00000, 0x0000000086c00000|  0%| F|  |TAMS 0x0000000086b00000, 0x0000000086b00000| Untracked 
|  78|0x0000000086c00000, 0x0000000086c00000, 0x0000000086d00000|  0%| F|  |TAMS 0x0000000086c00000, 0x0000000086c00000| Untracked 
|  79|0x0000000086d00000, 0x0000000086d00000, 0x0000000086e00000|  0%| F|  |TAMS 0x0000000086d00000, 0x0000000086d00000| Untracked 
|  80|0x0000000086e00000, 0x0000000086e00000, 0x0000000086f00000|  0%| F|  |TAMS 0x0000000086e00000, 0x0000000086e00000| Untracked 
|  81|0x0000000086f00000, 0x0000000086f00000, 0x0000000087000000|  0%| F|  |TAMS 0x0000000086f00000, 0x0000000086f00000| Untracked 
|  82|0x0000000087000000, 0x0000000087000000, 0x0000000087100000|  0%| F|  |TAMS 0x0000000087000000, 0x0000000087000000| Untracked 
|  83|0x0000000087100000, 0x0000000087100000, 0x0000000087200000|  0%| F|  |TAMS 0x0000000087100000, 0x0000000087100000| Untracked 
|  84|0x0000000087200000, 0x0000000087200000, 0x0000000087300000|  0%| F|  |TAMS 0x0000000087200000, 0x0000000087200000| Untracked 
|  85|0x0000000087300000, 0x0000000087300000, 0x0000000087400000|  0%| F|  |TAMS 0x0000000087300000, 0x0000000087300000| Untracked 
|  86|0x0000000087400000, 0x0000000087400000, 0x0000000087500000|  0%| F|  |TAMS 0x0000000087400000, 0x0000000087400000| Untracked 
|  87|0x0000000087500000, 0x00000000875415d8, 0x0000000087600000| 25%| E|  |TAMS 0x0000000087500000, 0x0000000087500000| Complete 
|  88|0x0000000087600000, 0x0000000087700000, 0x0000000087700000|100%| E|CS|TAMS 0x0000000087600000, 0x0000000087600000| Complete 
|  89|0x0000000087700000, 0x0000000087800000, 0x0000000087800000|100%| E|CS|TAMS 0x0000000087700000, 0x0000000087700000| Complete 
|  90|0x0000000087800000, 0x0000000087900000, 0x0000000087900000|100%| E|CS|TAMS 0x0000000087800000, 0x0000000087800000| Complete 
|  91|0x0000000087900000, 0x0000000087a00000, 0x0000000087a00000|100%| E|CS|TAMS 0x0000000087900000, 0x0000000087900000| Complete 
|  92|0x0000000087a00000, 0x0000000087b00000, 0x0000000087b00000|100%| E|CS|TAMS 0x0000000087a00000, 0x0000000087a00000| Complete 
|  93|0x0000000087b00000, 0x0000000087c00000, 0x0000000087c00000|100%| E|CS|TAMS 0x0000000087b00000, 0x0000000087b00000| Complete 
|  94|0x0000000087c00000, 0x0000000087d00000, 0x0000000087d00000|100%| E|CS|TAMS 0x0000000087c00000, 0x0000000087c00000| Complete 
|  95|0x0000000087d00000, 0x0000000087e00000, 0x0000000087e00000|100%| E|CS|TAMS 0x0000000087d00000, 0x0000000087d00000| Complete 
|  96|0x0000000087e00000, 0x0000000087f00000, 0x0000000087f00000|100%| E|CS|TAMS 0x0000000087e00000, 0x0000000087e00000| Complete 
|  97|0x0000000087f00000, 0x0000000088000000, 0x0000000088000000|100%| E|CS|TAMS 0x0000000087f00000, 0x0000000087f00000| Complete 
|  98|0x0000000088000000, 0x0000000088100000, 0x0000000088100000|100%| E|CS|TAMS 0x0000000088000000, 0x0000000088000000| Complete 
|  99|0x0000000088100000, 0x0000000088200000, 0x0000000088200000|100%| E|CS|TAMS 0x0000000088100000, 0x0000000088100000| Complete 
| 100|0x0000000088200000, 0x0000000088300000, 0x0000000088300000|100%| E|CS|TAMS 0x0000000088200000, 0x0000000088200000| Complete 
| 101|0x0000000088300000, 0x0000000088400000, 0x0000000088400000|100%| E|CS|TAMS 0x0000000088300000, 0x0000000088300000| Complete 
| 102|0x0000000088400000, 0x0000000088500000, 0x0000000088500000|100%| E|CS|TAMS 0x0000000088400000, 0x0000000088400000| Complete 
| 103|0x0000000088500000, 0x0000000088600000, 0x0000000088600000|100%| E|CS|TAMS 0x0000000088500000, 0x0000000088500000| Complete 
| 104|0x0000000088600000, 0x0000000088700000, 0x0000000088700000|100%| E|CS|TAMS 0x0000000088600000, 0x0000000088600000| Complete 
| 105|0x0000000088700000, 0x0000000088800000, 0x0000000088800000|100%| E|CS|TAMS 0x0000000088700000, 0x0000000088700000| Complete 
| 106|0x0000000088800000, 0x0000000088900000, 0x0000000088900000|100%| E|CS|TAMS 0x0000000088800000, 0x0000000088800000| Complete 
| 107|0x0000000088900000, 0x0000000088a00000, 0x0000000088a00000|100%| E|CS|TAMS 0x0000000088900000, 0x0000000088900000| Complete 
| 108|0x0000000088a00000, 0x0000000088b00000, 0x0000000088b00000|100%| E|CS|TAMS 0x0000000088a00000, 0x0000000088a00000| Complete 
| 115|0x0000000089100000, 0x0000000089200000, 0x0000000089200000|100%| E|CS|TAMS 0x0000000089100000, 0x0000000089100000| Complete 
| 116|0x0000000089200000, 0x0000000089300000, 0x0000000089300000|100%| E|CS|TAMS 0x0000000089200000, 0x0000000089200000| Complete 
| 117|0x0000000089300000, 0x0000000089400000, 0x0000000089400000|100%| E|CS|TAMS 0x0000000089300000, 0x0000000089300000| Complete 
| 118|0x0000000089400000, 0x0000000089500000, 0x0000000089500000|100%| E|CS|TAMS 0x0000000089400000, 0x0000000089400000| Complete 
| 119|0x0000000089500000, 0x0000000089600000, 0x0000000089600000|100%| E|  |TAMS 0x0000000089500000, 0x0000000089500000| Complete 
| 120|0x0000000089600000, 0x0000000089700000, 0x0000000089700000|100%| E|CS|TAMS 0x0000000089600000, 0x0000000089600000| Complete 
| 127|0x0000000089d00000, 0x0000000089e00000, 0x0000000089e00000|100%| E|CS|TAMS 0x0000000089d00000, 0x0000000089d00000| Complete 
|2010|0x00000000ff800000, 0x00000000ff900000, 0x00000000ff900000|100%| O|  |TAMS 0x00000000ff900000, 0x00000000ff800000| Untracked 
|2011|0x00000000ff900000, 0x00000000ffa00000, 0x00000000ffa00000|100%| E|CS|TAMS 0x00000000ff900000, 0x00000000ff900000| Complete 
|2012|0x00000000ffa00000, 0x00000000ffb00000, 0x00000000ffb00000|100%| E|CS|TAMS 0x00000000ffa00000, 0x00000000ffa00000| Complete 
|2013|0x00000000ffb00000, 0x00000000ffc00000, 0x00000000ffc00000|100%| O|  |TAMS 0x00000000ffc00000, 0x00000000ffb00000| Untracked 
|2014|0x00000000ffc00000, 0x00000000ffd00000, 0x00000000ffd00000|100%| O|  |TAMS 0x00000000ffd00000, 0x00000000ffc00000| Untracked 
|2015|0x00000000ffd00000, 0x00000000ffe00000, 0x00000000ffe00000|100%| O|  |TAMS 0x00000000ffe00000, 0x00000000ffd00000| Untracked 
|2016|0x00000000ffe00000, 0x00000000fff00000, 0x00000000fff00000|100%| O|  |TAMS 0x00000000fff00000, 0x00000000ffe00000| Untracked 
|2017|0x00000000fff00000, 0x0000000100000000, 0x0000000100000000|100%| O|  |TAMS 0x0000000100000000, 0x00000000fff00000| Untracked 

Card table byte_map: [0x000002dd58db0000,0x000002dd591b0000] _byte_map_base: 0x000002dd589a1000

Marking Bits (Prev, Next): (CMBitMap*) 0x000002dd41da6140, (CMBitMap*) 0x000002dd41da6180
 Prev Bits: [0x000002dd595b0000, 0x000002dd5b538000)
 Next Bits: [0x000002dd5b540000, 0x000002dd5d4c8000)

Polling page: 0x000002dd3fed0000

Metaspace:

Usage:
  Non-class:     33.45 MB used.
      Class:      4.03 MB used.
       Both:     37.48 MB used.

Virtual space:
  Non-class space:       64.00 MB reserved,      33.75 MB ( 53%) committed,  1 nodes.
      Class space:        1.00 GB reserved,       4.31 MB ( <1%) committed,  1 nodes.
             Both:        1.06 GB reserved,      38.06 MB (  3%) committed. 

Chunk freelists:
   Non-Class:  2.17 MB
       Class:  3.64 MB
        Both:  5.81 MB

MaxMetaspaceSize: unlimited
CompressedClassSpaceSize: 1.00 GB
Initial GC threshold: 21.00 MB
Current GC threshold: 56.19 MB
CDS: on
MetaspaceReclaimPolicy: balanced
 - commit_granule_bytes: 65536.
 - commit_granule_words: 8192.
 - virtual_space_node_default_size: 8388608.
 - enlarge_chunks_in_place: 1.
 - new_chunks_are_fully_committed: 0.
 - uncommit_free_chunks: 1.
 - use_allocation_guard: 0.


Internal statistics:

num_allocs_failed_limit: 6.
num_arena_births: 644.
num_arena_deaths: 4.
num_vsnodes_births: 2.
num_vsnodes_deaths: 0.
num_space_committed: 625.
num_space_uncommitted: 7.
num_chunks_returned_to_freelist: 98.
num_chunks_taken_from_freelist: 1967.
num_chunk_merges: 26.
num_chunk_splits: 1364.
num_chunks_enlarged: 1023.
num_inconsistent_stats: 0.

CodeHeap 'non-profiled nmethods': size=120000Kb used=3612Kb max_used=4148Kb free=116387Kb
 bounds [0x000002dd51150000, 0x000002dd51560000, 0x000002dd58680000]
CodeHeap 'profiled nmethods': size=120000Kb used=15699Kb max_used=17363Kb free=104300Kb
 bounds [0x000002dd49c20000, 0x000002dd4ad20000, 0x000002dd51150000]
CodeHeap 'non-nmethods': size=5760Kb used=1309Kb max_used=1378Kb free=4450Kb
 bounds [0x000002dd49680000, 0x000002dd498f0000, 0x000002dd49c20000]
 total_blobs=8438 nmethods=7820 adapters=529
 compilation: enabled
              stopped_count=0, restarted_count=0
 full_count=0

Compilation events (20 events):
Event: 15.731 Thread 0x000002dd5fec5300 nmethod 9297 0x000002dd4ad0b490 code [0x000002dd4ad0b7a0, 0x000002dd4ad0ca18]
Event: 15.731 Thread 0x000002dd5fec5300 9295       3       java.lang.ProcessEnvironment$CheckedEntry::getKey (13 bytes)
Event: 15.731 Thread 0x000002dd5fec5300 nmethod 9295 0x000002dd4ad0d210 code [0x000002dd4ad0d3c0, 0x000002dd4ad0d688]
Event: 15.731 Thread 0x000002dd5fec5300 9296       3       java.lang.ProcessEnvironment$CheckedEntry::getKey (5 bytes)
Event: 15.731 Thread 0x000002dd5fec5300 nmethod 9296 0x000002dd4ad0d790 code [0x000002dd4ad0d940, 0x000002dd4ad0dc88]
Event: 15.731 Thread 0x000002dd5fec5300 9294       3       java.lang.ProcessEnvironment$CheckedEntry::<init> (10 bytes)
Event: 15.731 Thread 0x000002dd5fec5300 nmethod 9294 0x000002dd4ad0dd90 code [0x000002dd4ad0df20, 0x000002dd4ad0e0d8]
Event: 15.740 Thread 0x000002dd5fec5300 9300   !   3       java.nio.charset.Charset::defaultCharset (53 bytes)
Event: 15.741 Thread 0x000002dd5fec5300 nmethod 9300 0x000002dd4ad0e190 code [0x000002dd4ad0e3c0, 0x000002dd4ad0eb28]
Event: 16.103 Thread 0x000002dd5fec5300 9301 % !   3       java.io.BufferedReader::readLine @ 139 (327 bytes)
Event: 16.103 Thread 0x000002dd5fec3720 9302   !   4       sun.nio.cs.StreamDecoder::read (196 bytes)
Event: 16.104 Thread 0x000002dd5fec5300 nmethod 9301% 0x000002dd4ad0ed90 code [0x000002dd4ad0f0a0, 0x000002dd4ad10598]
Event: 16.104 Thread 0x000002dd5fec5300 9303       3       org.apache.maven.surefire.util.internal.StringUtils::digit (33 bytes)
Event: 16.105 Thread 0x000002dd5fec5300 nmethod 9303 0x000002dd4ad11110 code [0x000002dd4ad112c0, 0x000002dd4ad11498]
Event: 16.105 Thread 0x000002dd5fec5300 9305   !   3       java.io.BufferedReader::readLine (327 bytes)
Event: 16.106 Thread 0x000002dd5fec5300 nmethod 9305 0x000002dd4ad11510 code [0x000002dd4ad11820, 0x000002dd4ad12b38]
Event: 16.106 Thread 0x000002dd5fec5300 9304       3       java.util.concurrent.atomic.AtomicBoolean::get (13 bytes)
Event: 16.106 Thread 0x000002dd5fec5300 nmethod 9304 0x000002dd4ad13590 code [0x000002dd4ad13720, 0x000002dd4ad13898]
Event: 16.106 Thread 0x000002dd5fec5300 9307       3       org.apache.maven.surefire.util.internal.StringUtils::unescapeString (130 bytes)
Event: 16.107 Thread 0x000002dd5fec5300 nmethod 9307 0x000002dd4ad13910 code [0x000002dd4ad13ba0, 0x000002dd4ad14908]

GC Heap History (20 events):
Event: 4.920 GC heap before
{Heap before GC invocations=4 (full 0):
 garbage-first heap   total 131072K, used 22454K [0x0000000081e00000, 0x0000000100000000)
  region size 1024K, 11 young (11264K), 4 survivors (4096K)
 Metaspace       used 21162K, committed 21504K, reserved 1114112K
  class space    used 2320K, committed 2496K, reserved 1048576K
}
Event: 4.925 GC heap after
{Heap after GC invocations=5 (full 0):
 garbage-first heap   total 131072K, used 17643K [0x0000000081e00000, 0x0000000100000000)
  region size 1024K, 6 young (6144K), 6 survivors (6144K)
 Metaspace       used 21162K, committed 21504K, reserved 1114112K
  class space    used 2320K, committed 2496K, reserved 1048576K
}
Event: 5.845 GC heap before
{Heap before GC invocations=6 (full 0):
 garbage-first heap   total 65536K, used 64747K [0x0000000081e00000, 0x0000000100000000)
  region size 1024K, 52 young (53248K), 6 survivors (6144K)
 Metaspace       used 24582K, committed 25024K, reserved 1114112K
  class space    used 2665K, committed 2880K, reserved 1048576K
}
Event: 5.863 GC heap after
{Heap after GC invocations=7 (full 0):
 garbage-first heap   total 83968K, used 30476K [0x0000000081e00000, 0x0000000100000000)
  region size 1024K, 10 young (10240K), 10 survivors (10240K)
 Metaspace       used 24582K, committed 25024K, reserved 1114112K
  class space    used 2665K, committed 2880K, reserved 1048576K
}
Event: 6.388 GC heap before
{Heap before GC invocations=7 (full 0):
 garbage-first heap   total 83968K, used 61196K [0x0000000081e00000, 0x0000000100000000)
  region size 1024K, 40 young (40960K), 10 survivors (10240K)
 Metaspace       used 26530K, committed 26880K, reserved 1114112K
  class space    used 2870K, committed 3008K, reserved 1048576K
}
Event: 6.399 GC heap after
{Heap after GC invocations=8 (full 0):
 garbage-first heap   total 83968K, used 33718K [0x0000000081e00000, 0x0000000100000000)
  region size 1024K, 2 young (2048K), 2 survivors (2048K)
 Metaspace       used 26530K, committed 26880K, reserved 1114112K
  class space    used 2870K, committed 3008K, reserved 1048576K
}
Event: 6.552 GC heap before
{Heap before GC invocations=8 (full 0):
 garbage-first heap   total 83968K, used 63414K [0x0000000081e00000, 0x0000000100000000)
  region size 1024K, 31 young (31744K), 2 survivors (2048K)
 Metaspace       used 27127K, committed 27648K, reserved 1114112K
  class space    used 2947K, committed 3200K, reserved 1048576K
}
Event: 6.556 GC heap after
{Heap after GC invocations=9 (full 0):
 garbage-first heap   total 83968K, used 34017K [0x0000000081e00000, 0x0000000100000000)
  region size 1024K, 3 young (3072K), 3 survivors (3072K)
 Metaspace       used 27127K, committed 27648K, reserved 1114112K
  class space    used 2947K, committed 3200K, reserved 1048576K
}
Event: 6.643 GC heap before
{Heap before GC invocations=9 (full 0):
 garbage-first heap   total 83968K, used 64737K [0x0000000081e00000, 0x0000000100000000)
  region size 1024K, 33 young (33792K), 3 survivors (3072K)
 Metaspace       used 27312K, committed 27840K, reserved 1114112K
  class space    used 2955K, committed 3200K, reserved 1048576K
}
Event: 6.648 GC heap after
{Heap after GC invocations=10 (full 0):
 garbage-first heap   total 83968K, used 34398K [0x0000000081e00000, 0x0000000100000000)
  region size 1024K, 3 young (3072K), 3 survivors (3072K)
 Metaspace       used 27312K, committed 27840K, reserved 1114112K
  class space    used 2955K, committed 3200K, reserved 1048576K
}
Event: 6.893 GC heap before
{Heap before GC invocations=10 (full 0):
 garbage-first heap   total 83968K, used 66142K [0x0000000081e00000, 0x0000000100000000)
  region size 1024K, 34 young (34816K), 3 survivors (3072K)
 Metaspace       used 28806K, committed 29312K, reserved 1114112K
  class space    used 3135K, committed 3328K, reserved 1048576K
}
Event: 6.899 GC heap after
{Heap after GC invocations=11 (full 0):
 garbage-first heap   total 105472K, used 35234K [0x0000000081e00000, 0x0000000100000000)
  region size 1024K, 4 young (4096K), 4 survivors (4096K)
 Metaspace       used 28806K, committed 29312K, reserved 1114112K
  class space    used 3135K, committed 3328K, reserved 1048576K
}
Event: 7.468 GC heap before
{Heap before GC invocations=11 (full 0):
 garbage-first heap   total 105472K, used 81314K [0x0000000081e00000, 0x0000000100000000)
  region size 1024K, 50 young (51200K), 4 survivors (4096K)
 Metaspace       used 29625K, committed 30144K, reserved 1114112K
  class space    used 3152K, committed 3392K, reserved 1048576K
}
Event: 7.484 GC heap after
{Heap after GC invocations=12 (full 0):
 garbage-first heap   total 105472K, used 44115K [0x0000000081e00000, 0x0000000100000000)
  region size 1024K, 7 young (7168K), 7 survivors (7168K)
 Metaspace       used 29625K, committed 30144K, reserved 1114112K
  class space    used 3152K, committed 3392K, reserved 1048576K
}
Event: 7.869 GC heap before
{Heap before GC invocations=12 (full 0):
 garbage-first heap   total 105472K, used 77907K [0x0000000081e00000, 0x0000000100000000)
  region size 1024K, 41 young (41984K), 7 survivors (7168K)
 Metaspace       used 30133K, committed 30720K, reserved 1114112K
  class space    used 3213K, committed 3456K, reserved 1048576K
}
Event: 7.879 GC heap after
{Heap after GC invocations=13 (full 0):
 garbage-first heap   total 105472K, used 52746K [0x0000000081e00000, 0x0000000100000000)
  region size 1024K, 6 young (6144K), 6 survivors (6144K)
 Metaspace       used 30133K, committed 30720K, reserved 1114112K
  class space    used 3213K, committed 3456K, reserved 1048576K
}
Event: 8.310 GC heap before
{Heap before GC invocations=13 (full 0):
 garbage-first heap   total 105472K, used 78346K [0x0000000081e00000, 0x0000000100000000)
  region size 1024K, 32 young (32768K), 6 survivors (6144K)
 Metaspace       used 31144K, committed 31680K, reserved 1114112K
  class space    used 3314K, committed 3520K, reserved 1048576K
}
Event: 8.315 GC heap after
{Heap after GC invocations=14 (full 0):
 garbage-first heap   total 105472K, used 54077K [0x0000000081e00000, 0x0000000100000000)
  region size 1024K, 1 young (1024K), 1 survivors (1024K)
 Metaspace       used 31144K, committed 31680K, reserved 1114112K
  class space    used 3314K, committed 3520K, reserved 1048576K
}
Event: 8.637 GC heap before
{Heap before GC invocations=14 (full 0):
 garbage-first heap   total 105472K, used 81725K [0x0000000081e00000, 0x0000000100000000)
  region size 1024K, 28 young (28672K), 1 survivors (1024K)
 Metaspace       used 34732K, committed 35328K, reserved 1114112K
  class space    used 3706K, committed 3968K, reserved 1048576K
}
Event: 8.645 GC heap after
{Heap after GC invocations=15 (full 0):
 garbage-first heap   total 126976K, used 57056K [0x0000000081e00000, 0x0000000100000000)
  region size 1024K, 4 young (4096K), 4 survivors (4096K)
 Metaspace       used 34732K, committed 35328K, reserved 1114112K
  class space    used 3706K, committed 3968K, reserved 1048576K
}

Deoptimization events (20 events):
Event: 14.578 Thread 0x000002dd67ebdd60 DEOPT PACKING pc=0x000002dd4aba1bfe sp=0x000000e95ddfcd20
Event: 14.578 Thread 0x000002dd67ebdd60 DEOPT UNPACKING pc=0x000002dd496d2b43 sp=0x000000e95ddfc178 mode 0
Event: 14.579 Thread 0x000002dd67ebdd60 DEOPT PACKING pc=0x000002dd4ac4e242 sp=0x000000e95ddfd2e0
Event: 14.579 Thread 0x000002dd67ebdd60 DEOPT UNPACKING pc=0x000002dd496d2b43 sp=0x000000e95ddfc7d0 mode 0
Event: 14.595 Thread 0x000002dd681a8ac0 DEOPT PACKING pc=0x000002dd4ac4e242 sp=0x000000e95dbfd980
Event: 14.595 Thread 0x000002dd681a8ac0 DEOPT UNPACKING pc=0x000002dd496d2b43 sp=0x000000e95dbfce70 mode 0
Event: 15.169 Thread 0x000002dd67f17830 DEOPT PACKING pc=0x000002dd4a6d11b1 sp=0x000000e95dafef50
Event: 15.169 Thread 0x000002dd67f17830 DEOPT UNPACKING pc=0x000002dd496d2b43 sp=0x000000e95dafe3a8 mode 3
Event: 15.704 Thread 0x000002dd41d45440 Uncommon trap: trap_request=0xffffff45 fr.pc=0x000002dd5124df5c relative=0x000000000000053c
Event: 15.704 Thread 0x000002dd41d45440 Uncommon trap: reason=unstable_if action=reinterpret pc=0x000002dd5124df5c method=java.io.BufferedWriter.min(II)I @ 2 c2
Event: 15.704 Thread 0x000002dd41d45440 DEOPT PACKING pc=0x000002dd5124df5c sp=0x000000e95b9fdd10
Event: 15.704 Thread 0x000002dd41d45440 DEOPT UNPACKING pc=0x000002dd496d23a3 sp=0x000000e95b9fdc40 mode 2
Event: 15.705 Thread 0x000002dd41d45440 Uncommon trap: trap_request=0xffffff45 fr.pc=0x000002dd5151e480 relative=0x0000000000000720
Event: 15.705 Thread 0x000002dd41d45440 Uncommon trap: reason=unstable_if action=reinterpret pc=0x000002dd5151e480 method=java.nio.charset.CharsetEncoder.encode(Ljava/nio/CharBuffer;Ljava/nio/ByteBuffer;Z)Ljava/nio/charset/CoderResult; @ 82 c2
Event: 15.705 Thread 0x000002dd41d45440 DEOPT PACKING pc=0x000002dd5151e480 sp=0x000000e95b9fdc80
Event: 15.705 Thread 0x000002dd41d45440 DEOPT UNPACKING pc=0x000002dd496d23a3 sp=0x000000e95b9fdad0 mode 2
Event: 16.103 Thread 0x000002dd649c7980 Uncommon trap: trap_request=0xffffff45 fr.pc=0x000002dd514e19dc relative=0x00000000000019fc
Event: 16.103 Thread 0x000002dd649c7980 Uncommon trap: reason=unstable_if action=reinterpret pc=0x000002dd514e19dc method=java.io.BufferedReader.readLine(Z[Z)Ljava/lang/String; @ 286 c2
Event: 16.103 Thread 0x000002dd649c7980 DEOPT PACKING pc=0x000002dd514e19dc sp=0x000000e95e3ff670
Event: 16.103 Thread 0x000002dd649c7980 DEOPT UNPACKING pc=0x000002dd496d23a3 sp=0x000000e95e3ff630 mode 2

Classes loaded (20 events):
Event: 15.719 Loading class java/io/DataOutputStream
Event: 15.719 Loading class java/io/DataOutputStream done
Event: 15.723 Loading class java/util/concurrent/ArrayBlockingQueue
Event: 15.724 Loading class java/util/concurrent/ArrayBlockingQueue done
Event: 15.725 Loading class java/util/DualPivotQuicksort
Event: 15.726 Loading class java/util/DualPivotQuicksort done
Event: 15.727 Loading class java/lang/IllegalThreadStateException
Event: 15.727 Loading class java/lang/IllegalThreadStateException done
Event: 15.727 Loading class java/lang/ProcessBuilder
Event: 15.728 Loading class java/lang/ProcessBuilder done
Event: 15.728 Loading class java/lang/ProcessImpl
Event: 15.729 Loading class java/lang/Process
Event: 15.729 Loading class java/lang/Process done
Event: 15.729 Loading class java/lang/ProcessImpl done
Event: 15.738 Loading class java/lang/ProcessImpl$2
Event: 15.738 Loading class java/lang/ProcessImpl$2 done
Event: 15.738 Loading class java/lang/Process$PipeInputStream
Event: 15.738 Loading class java/lang/Process$PipeInputStream done
Event: 15.739 Loading class jdk/internal/event/ProcessStartEvent
Event: 15.739 Loading class jdk/internal/event/ProcessStartEvent done

Classes unloaded (20 events):
Event: 8.669 Thread 0x000002dd41dbdb80 Unloading class 0x0000000800ebb9c8 'lombok/javac/apt/LombokFileObject'
Event: 8.669 Thread 0x000002dd41dbdb80 Unloading class 0x0000000800ebb7d8 'lombok/javac/apt/LombokFileObjects'
Event: 8.669 Thread 0x000002dd41dbdb80 Unloading class 0x0000000800ebb5b0 'lombok/javac/apt/MessagerDiagnosticsReceiver'
Event: 8.669 Thread 0x000002dd41dbdb80 Unloading class 0x0000000800ebb1f8 'lombok/javac/apt/InterceptingJavaFileManager'
Event: 8.669 Thread 0x000002dd41dbdb80 Unloading class 0x0000000800ebb000 'lombok/permit/dummy/Parent'
Event: 8.669 Thread 0x000002dd41dbdb80 Unloading class 0x0000000800eb9dd0 'lombok/core/CleanupRegistry'
Event: 8.669 Thread 0x000002dd41dbdb80 Unloading class 0x0000000800eb9bd8 'lombok/permit/Permit$Fake'
Event: 8.669 Thread 0x000002dd41dbdb80 Unloading class 0x0000000800eb99e8 'lombok/permit/Permit'
Event: 8.669 Thread 0x000002dd41dbdb80 Unloading class 0x0000000800eb9800 'lombok/core/DiagnosticsReceiver'
Event: 8.669 Thread 0x000002dd41dbdb80 Unloading class 0x0000000800eb8d28 'lombok/javac/apt/LombokProcessor$1'
Event: 8.669 Thread 0x000002dd41dbdb80 Unloading class 0x0000000800eb8aa0 'lombok/javac/apt/LombokProcessor'
Event: 8.669 Thread 0x000002dd41dbdb80 Unloading class 0x0000000800eb8880 'lombok/core/AnnotationProcessor$EcjDescriptor'
Event: 8.669 Thread 0x000002dd41dbdb80 Unloading class 0x0000000800eb8658 'lombok/core/AnnotationProcessor$JavacDescriptor'
Event: 8.669 Thread 0x000002dd41dbdb80 Unloading class 0x0000000800eb8270 'lombok/core/AnnotationProcessor$ProcessorDescriptor'
Event: 8.669 Thread 0x000002dd41dbdb80 Unloading class 0x0000000800eb8000 'lombok/core/AnnotationProcessor'
Event: 8.669 Thread 0x000002dd41dbdb80 Unloading class 0x0000000800eb91f0 'lombok/launch/AnnotationProcessorHider$ClaimingProcessor'
Event: 8.669 Thread 0x000002dd41dbdb80 Unloading class 0x0000000800eb9000 'lombok/launch/AnnotationProcessorHider$AstModificationNotifierData'
Event: 8.669 Thread 0x000002dd41dbdb80 Unloading class 0x0000000800e90460 'lombok/launch/ShadowClassLoader'
Event: 8.669 Thread 0x000002dd41dbdb80 Unloading class 0x0000000800e90270 'lombok/launch/Main'
Event: 8.669 Thread 0x000002dd41dbdb80 Unloading class 0x0000000800e90000 'lombok/launch/AnnotationProcessorHider$AnnotationProcessor'

Classes redefined (0 events):
No events

Internal exceptions (20 events):
Event: 8.082 Thread 0x000002dd41d45440 Exception <a 'sun/nio/fs/WindowsException'{0x0000000086eebd70}> (0x0000000086eebd70) 
thrown [s\open\src\hotspot\share\prims\jni.cpp, line 516]
Event: 8.084 Thread 0x000002dd41d45440 Exception <a 'sun/nio/fs/WindowsException'{0x0000000086ef4380}> (0x0000000086ef4380) 
thrown [s\open\src\hotspot\share\prims\jni.cpp, line 516]
Event: 8.084 Thread 0x000002dd41d45440 Exception <a 'sun/nio/fs/WindowsException'{0x0000000086ef4b60}> (0x0000000086ef4b60) 
thrown [s\open\src\hotspot\share\prims\jni.cpp, line 516]
Event: 8.084 Thread 0x000002dd41d45440 Exception <a 'sun/nio/fs/WindowsException'{0x0000000086ef5120}> (0x0000000086ef5120) 
thrown [s\open\src\hotspot\share\prims\jni.cpp, line 516]
Event: 8.084 Thread 0x000002dd41d45440 Exception <a 'sun/nio/fs/WindowsException'{0x0000000086ef58c8}> (0x0000000086ef58c8) 
thrown [s\open\src\hotspot\share\prims\jni.cpp, line 516]
Event: 8.084 Thread 0x000002dd41d45440 Exception <a 'sun/nio/fs/WindowsException'{0x0000000086ef5cd0}> (0x0000000086ef5cd0) 
thrown [s\open\src\hotspot\share\prims\jni.cpp, line 516]
Event: 8.084 Thread 0x000002dd41d45440 Exception <a 'sun/nio/fs/WindowsException'{0x0000000086ef69c8}> (0x0000000086ef69c8) 
thrown [s\open\src\hotspot\share\prims\jni.cpp, line 516]
Event: 8.084 Thread 0x000002dd41d45440 Exception <a 'sun/nio/fs/WindowsException'{0x0000000086ef6d58}> (0x0000000086ef6d58) 
thrown [s\open\src\hotspot\share\prims\jni.cpp, line 516]
Event: 8.084 Thread 0x000002dd41d45440 Exception <a 'sun/nio/fs/WindowsException'{0x0000000086ef7a48}> (0x0000000086ef7a48) 
thrown [s\open\src\hotspot\share\prims\jni.cpp, line 516]
Event: 8.369 Thread 0x000002dd41d45440 Exception <a 'java/lang/NoSuchMethodError'{0x0000000089135ba0}: 'java.lang.String org.apache.maven.execution.MavenExecutionRequest.getFailureBehavior()'> (0x0000000089135ba0) 
thrown [s\open\src\hotspot\share\interpreter\linkResolver.cpp, line 862]
Event: 8.374 Thread 0x000002dd67f17830 Exception <a 'java/lang/NoSuchMethodError'{0x00000000893c2d48}: 'java.lang.Object java.lang.invoke.DirectMethodHandle$Holder.invokeStatic(java.lang.Object, java.lang.Object, long, java.lang.Object)'> (0x00000000893c2d48) 
thrown [s\open\src\hotspot\share\interpreter\linkResolver.cpp, line 766]
Event: 8.374 Thread 0x000002dd67f17830 Exception <a 'java/lang/NoSuchMethodError'{0x00000000891812b0}: 'java.lang.Object java.lang.invoke.DirectMethodHandle$Holder.invokeStaticInit(java.lang.Object, java.lang.Object, long, java.lang.Object)'> (0x00000000891812b0) 
thrown [s\open\src\hotspot\share\interpreter\linkResolver.cpp, line 766]
Event: 8.375 Thread 0x000002dd67f17830 Exception <a 'java/lang/NoSuchMethodError'{0x0000000089187748}: 'java.lang.Object java.lang.invoke.DirectMethodHandle$Holder.newInvokeSpecial(java.lang.Object, java.lang.Object, long)'> (0x0000000089187748) 
thrown [s\open\src\hotspot\share\interpreter\linkResolver.cpp, line 766]
Event: 8.375 Thread 0x000002dd67f17830 Exception <a 'java/lang/NoSuchMethodError'{0x000000008918b190}: 'java.lang.Object java.lang.invoke.Invokers$Holder.linkToTargetMethod(java.lang.Object, long, java.lang.Object)'> (0x000000008918b190) 
thrown [s\open\src\hotspot\share\interpreter\linkResolver.cpp, line 766]
Event: 8.376 Thread 0x000002dd67f17830 Exception <a 'java/lang/NoSuchMethodError'{0x000000008918ed10}: 'long java.lang.invoke.DirectMethodHandle$Holder.invokeInterface(java.lang.Object, java.lang.Object)'> (0x000000008918ed10) 
thrown [s\open\src\hotspot\share\interpreter\linkResolver.cpp, line 766]
Event: 8.376 Thread 0x000002dd67f17830 Exception <a 'java/lang/NoSuchMethodError'{0x0000000089192670}: 'long java.lang.invoke.DelegatingMethodHandle$Holder.reinvoke_L(java.lang.Object, java.lang.Object)'> (0x0000000089192670) 
thrown [s\open\src\hotspot\share\interpreter\linkResolver.cpp, line 766]
Event: 8.498 Thread 0x000002dd41d45440 Exception <a 'sun/nio/fs/WindowsException'{0x0000000086a0ddd8}> (0x0000000086a0ddd8) 
thrown [s\open\src\hotspot\share\prims\jni.cpp, line 516]
Event: 8.679 Thread 0x000002dd5fe91ba0 Implicit null exception at 0x000002dd5146cad0 to 0x000002dd5146ccbc
Event: 15.737 Thread 0x000002dd41d45440 Exception <a 'java/lang/NoSuchMethodError'{0x000000008765ee80}: 'void java.lang.invoke.DirectMethodHandle$Holder.invokeStatic(java.lang.Object, long)'> (0x000000008765ee80) 
thrown [s\open\src\hotspot\share\interpreter\linkResolver.cpp, line 766]
Event: 15.738 Thread 0x000002dd41d45440 Exception <a 'java/lang/NoSuchMethodError'{0x00000000876643d8}: 'java.lang.Object java.lang.invoke.DirectMethodHandle$Holder.newInvokeSpecial(java.lang.Object, long)'> (0x00000000876643d8) 
thrown [s\open\src\hotspot\share\interpreter\linkResolver.cpp, line 766]

VM Operations (20 events):
Event: 10.142 Executing VM operation: HandshakeAllThreads
Event: 10.142 Executing VM operation: HandshakeAllThreads done
Event: 10.142 Executing VM operation: Cleanup
Event: 10.143 Executing VM operation: Cleanup done
Event: 10.143 Executing VM operation: HandshakeAllThreads
Event: 10.143 Executing VM operation: HandshakeAllThreads done
Event: 11.147 Executing VM operation: Cleanup
Event: 11.147 Executing VM operation: Cleanup done
Event: 12.154 Executing VM operation: Cleanup
Event: 12.154 Executing VM operation: Cleanup done
Event: 14.165 Executing VM operation: Cleanup
Event: 14.165 Executing VM operation: Cleanup done
Event: 15.167 Executing VM operation: Cleanup
Event: 15.167 Executing VM operation: Cleanup done
Event: 15.701 Executing VM operation: HandshakeAllThreads
Event: 15.701 Executing VM operation: HandshakeAllThreads done
Event: 15.739 Executing VM operation: HandshakeAllThreads
Event: 15.739 Executing VM operation: HandshakeAllThreads done
Event: 16.103 Executing VM operation: HandshakeAllThreads
Event: 16.103 Executing VM operation: HandshakeAllThreads done

Events (20 events):
Event: 5.620 Thread 0x000002dd5fedc460 flushing nmethod 0x000002dd4a6fc990
Event: 8.358 Thread 0x000002dd67f17830 Thread added: 0x000002dd67f17830
Event: 8.377 Thread 0x000002dd67f17830 Thread exited: 0x000002dd67f17830
Event: 8.440 Thread 0x000002dd67f17830 Thread added: 0x000002dd67f17830
Event: 8.440 Thread 0x000002dd681a8ac0 Thread added: 0x000002dd681a8ac0
Event: 8.440 Thread 0x000002dd680360a0 Thread added: 0x000002dd680360a0
Event: 8.480 Loaded shared library C:\Program Files\Java\jdk-18.0.1\bin\sunmscapi.dll
Event: 8.555 Thread 0x000002dd5fedc460 flushing nmethod 0x000002dd4a6c6210
Event: 8.555 Thread 0x000002dd5fedc460 flushing nmethod 0x000002dd4a6c9210
Event: 8.555 Thread 0x000002dd5fedc460 flushing nmethod 0x000002dd4a6d6590
Event: 13.954 Thread 0x000002dd67ebdd60 Thread added: 0x000002dd67ebdd60
Event: 13.954 Thread 0x000002dd649c8cc0 Thread added: 0x000002dd649c8cc0
Event: 15.695 Thread 0x000002dd649cb340 Thread added: 0x000002dd649cb340
Event: 15.699 Thread 0x000002dd649ca000 Thread added: 0x000002dd649ca000
Event: 15.725 Thread 0x000002dd649ca9a0 Thread added: 0x000002dd649ca9a0
Event: 15.741 Thread 0x000002dd649c9b30 Thread added: 0x000002dd649c9b30
Event: 15.741 Thread 0x000002dd649c7980 Thread added: 0x000002dd649c7980
Event: 15.741 Thread 0x000002dd649cae70 Thread added: 0x000002dd649cae70
Event: 16.112 Thread 0x000002dd5fedc460 flushing nmethod 0x000002dd4a6c9f10
Event: 16.113 Thread 0x000002dd5fedc460 flushing nmethod 0x000002dd4a6dfa90


Dynamic libraries:
0x00007ff7fff50000 - 0x00007ff7fff60000 	C:\Program Files\Java\jdk-18.0.1\bin\java.exe
0x00007ff900370000 - 0x00007ff900565000 	C:\WINDOWS\SYSTEM32\ntdll.dll
0x00007ff8fe6f0000 - 0x00007ff8fe7ad000 	C:\WINDOWS\System32\KERNEL32.DLL
0x00007ff8fdf60000 - 0x00007ff8fe22d000 	C:\WINDOWS\System32\KERNELBASE.dll
0x00007ff8fda80000 - 0x00007ff8fdb80000 	C:\WINDOWS\System32\ucrtbase.dll
0x00007ff8fa440000 - 0x00007ff8fa458000 	C:\Program Files\Java\jdk-18.0.1\bin\jli.dll
0x00007ff8f1260000 - 0x00007ff8f127a000 	C:\Program Files\Java\jdk-18.0.1\bin\VCRUNTIME140.dll
0x00007ff8fe640000 - 0x00007ff8fe6ee000 	C:\WINDOWS\System32\ADVAPI32.dll
0x00007ff8ff340000 - 0x00007ff8ff3de000 	C:\WINDOWS\System32\msvcrt.dll
0x00007ff8fe8b0000 - 0x00007ff8fe94c000 	C:\WINDOWS\System32\sechost.dll
0x00007ff900050000 - 0x00007ff900175000 	C:\WINDOWS\System32\RPCRT4.dll
0x00007ff8fe960000 - 0x00007ff8feb00000 	C:\WINDOWS\System32\USER32.dll
0x00007ff8fddd0000 - 0x00007ff8fddf2000 	C:\WINDOWS\System32\win32u.dll
0x00007ff8e2960000 - 0x00007ff8e2bfa000 	C:\WINDOWS\WinSxS\amd64_microsoft.windows.common-controls_6595b64144ccf1df_6.0.19041.1110_none_60b5254171f9507e\COMCTL32.dll
0x00007ff8ffec0000 - 0x00007ff8ffeea000 	C:\WINDOWS\System32\GDI32.dll
0x00007ff8fdb80000 - 0x00007ff8fdc8b000 	C:\WINDOWS\System32\gdi32full.dll
0x00007ff8fe280000 - 0x00007ff8fe31d000 	C:\WINDOWS\System32\msvcp_win.dll
0x00007ff8f65f0000 - 0x00007ff8f65fa000 	C:\WINDOWS\SYSTEM32\VERSION.dll
0x00007ff8ff6e0000 - 0x00007ff8ff710000 	C:\WINDOWS\System32\IMM32.DLL
0x00007ff8f7c70000 - 0x00007ff8f7c7c000 	C:\Program Files\Java\jdk-18.0.1\bin\vcruntime140_1.dll
0x00007ff8cfb00000 - 0x00007ff8cfb8d000 	C:\Program Files\Java\jdk-18.0.1\bin\msvcp140.dll
0x00007ff8c3670000 - 0x00007ff8c4280000 	C:\Program Files\Java\jdk-18.0.1\bin\server\jvm.dll
0x00007ff8fe950000 - 0x00007ff8fe958000 	C:\WINDOWS\System32\PSAPI.DLL
0x00007ff8e64f0000 - 0x00007ff8e64f9000 	C:\WINDOWS\SYSTEM32\WSOCK32.dll
0x00007ff8e4030000 - 0x00007ff8e4057000 	C:\WINDOWS\SYSTEM32\WINMM.dll
0x00007ff8ffef0000 - 0x00007ff8fff5b000 	C:\WINDOWS\System32\WS2_32.dll
0x00007ff8fc360000 - 0x00007ff8fc372000 	C:\WINDOWS\SYSTEM32\kernel.appcore.dll
0x00007ff8f6320000 - 0x00007ff8f632a000 	C:\Program Files\Java\jdk-18.0.1\bin\jimage.dll
0x00007ff8f8960000 - 0x00007ff8f8b44000 	C:\WINDOWS\SYSTEM32\DBGHELP.DLL
0x00007ff8e36b0000 - 0x00007ff8e36dc000 	C:\WINDOWS\SYSTEM32\dbgcore.DLL
0x00007ff8fdc90000 - 0x00007ff8fdd12000 	C:\WINDOWS\System32\bcryptPrimitives.dll
0x00007ff8f6230000 - 0x00007ff8f623e000 	C:\Program Files\Java\jdk-18.0.1\bin\instrument.dll
0x00007ff8e8dd0000 - 0x00007ff8e8df5000 	C:\Program Files\Java\jdk-18.0.1\bin\java.dll
0x00007ff8ced30000 - 0x00007ff8cee06000 	C:\Program Files\Java\jdk-18.0.1\bin\jsvml.dll
0x00007ff8ff770000 - 0x00007ff8ffeb4000 	C:\WINDOWS\System32\SHELL32.dll
0x00007ff8fba10000 - 0x00007ff8fc1a4000 	C:\WINDOWS\SYSTEM32\windows.storage.dll
0x00007ff8feb00000 - 0x00007ff8fee54000 	C:\WINDOWS\System32\combase.dll
0x00007ff8fd410000 - 0x00007ff8fd43c000 	C:\WINDOWS\SYSTEM32\Wldp.dll
0x00007ff8fe590000 - 0x00007ff8fe63d000 	C:\WINDOWS\System32\SHCORE.dll
0x00007ff8ff710000 - 0x00007ff8ff765000 	C:\WINDOWS\System32\shlwapi.dll
0x00007ff8fd9c0000 - 0x00007ff8fd9df000 	C:\WINDOWS\SYSTEM32\profapi.dll
0x00007ff8e0e80000 - 0x00007ff8e0e98000 	C:\Program Files\Java\jdk-18.0.1\bin\zip.dll
0x00007ff8e1530000 - 0x00007ff8e1543000 	C:\Program Files\Java\jdk-18.0.1\bin\net.dll
0x00007ff8f48d0000 - 0x00007ff8f49da000 	C:\WINDOWS\SYSTEM32\WINHTTP.dll
0x00007ff8fd170000 - 0x00007ff8fd1da000 	C:\WINDOWS\system32\mswsock.dll
0x00007ff8e1480000 - 0x00007ff8e1496000 	C:\Program Files\Java\jdk-18.0.1\bin\nio.dll
0x00007ff8e0860000 - 0x00007ff8e087a000 	C:\Program Files\JetBrains\IntelliJ IDEA 2021.2.2\bin\breakgen64.dll
0x00007ff8f5a80000 - 0x00007ff8f5a90000 	C:\Program Files\Java\jdk-18.0.1\bin\verify.dll
0x00007ff8fd370000 - 0x00007ff8fd388000 	C:\WINDOWS\SYSTEM32\CRYPTSP.dll
0x00007ff8fcaf0000 - 0x00007ff8fcb24000 	C:\WINDOWS\system32\rsaenh.dll
0x00007ff8fe390000 - 0x00007ff8fe3b7000 	C:\WINDOWS\System32\bcrypt.dll
0x00007ff8fd980000 - 0x00007ff8fd9ae000 	C:\WINDOWS\SYSTEM32\USERENV.dll
0x00007ff8fd360000 - 0x00007ff8fd36c000 	C:\WINDOWS\SYSTEM32\CRYPTBASE.dll
0x00007ff8fce60000 - 0x00007ff8fce9b000 	C:\WINDOWS\SYSTEM32\IPHLPAPI.DLL
0x00007ff8fe3c0000 - 0x00007ff8fe3c8000 	C:\WINDOWS\System32\NSI.dll
0x00007ff8f4a20000 - 0x00007ff8f4a37000 	C:\WINDOWS\SYSTEM32\dhcpcsvc6.DLL
0x00007ff8f5b40000 - 0x00007ff8f5b5d000 	C:\WINDOWS\SYSTEM32\dhcpcsvc.DLL
0x00007ff8fcea0000 - 0x00007ff8fcf6b000 	C:\WINDOWS\SYSTEM32\DNSAPI.dll
0x00007ff8e6ce0000 - 0x00007ff8e6cea000 	C:\Users\ASUS\AppData\Local\Temp\jansi-1.17.1-11221357035387840516.dll
0x00007ff8e3740000 - 0x00007ff8e374a000 	C:\Users\ASUS\AppData\Local\Temp\jansi-1.17.1-16205134473153786654.dll
0x00007ff8e8bc0000 - 0x00007ff8e8bce000 	C:\Program Files\Java\jdk-18.0.1\bin\sunmscapi.dll
0x00007ff8fde00000 - 0x00007ff8fdf56000 	C:\WINDOWS\System32\CRYPT32.dll
0x00007ff8fd480000 - 0x00007ff8fd4a7000 	C:\WINDOWS\SYSTEM32\ncrypt.dll
0x00007ff8fd440000 - 0x00007ff8fd47b000 	C:\WINDOWS\SYSTEM32\NTASN1.dll
0x00007ff8f54c0000 - 0x00007ff8f54ca000 	C:\Windows\System32\rasadhlp.dll
0x00007ff8e8820000 - 0x00007ff8e88a0000 	C:\WINDOWS\System32\fwpuclnt.dll

dbghelp: loaded successfully - version: 4.0.5 - missing functions: none
symbol engine: initialized successfully - sym options: 0x614 - pdb path: .;C:\Program Files\Java\jdk-18.0.1\bin;C:\WINDOWS\SYSTEM32;C:\WINDOWS\WinSxS\amd64_microsoft.windows.common-controls_6595b64144ccf1df_6.0.19041.1110_none_60b5254171f9507e;C:\Program Files\Java\jdk-18.0.1\bin\server;C:\Program Files\JetBrains\IntelliJ IDEA 2021.2.2\bin;C:\Users\ASUS\AppData\Local\Temp

VM Arguments:
jvm_args: -Dmaven.multiModuleProjectDirectory=E:\SLIIT PROJECTS\3rd year projects\DS\Movie_Reservation\Backend\ds_assignment -Dmaven.home=C:\Program Files\JetBrains\IntelliJ IDEA 2021.2.2\plugins\maven\lib\maven3 -Dclassworlds.conf=C:\Program Files\JetBrains\IntelliJ IDEA 2021.2.2\plugins\maven\lib\maven3\bin\m2.conf -Dmaven.ext.class.path=C:\Program Files\JetBrains\IntelliJ IDEA 2021.2.2\plugins\maven\lib\maven-event-listener.jar -javaagent:C:\Program Files\JetBrains\IntelliJ IDEA 2021.2.2\lib\idea_rt.jar=55352:C:\Program Files\JetBrains\IntelliJ IDEA 2021.2.2\bin -Dfile.encoding=UTF-8 
java_command: org.codehaus.classworlds.Launcher -Didea.version=2021.2.2 clean install
java_class_path (initial): C:\Program Files\JetBrains\IntelliJ IDEA 2021.2.2\plugins\maven\lib\maven3\boot\plexus-classworlds-2.6.0.jar;C:\Program Files\JetBrains\IntelliJ IDEA 2021.2.2\plugins\maven\lib\maven3\boot\plexus-classworlds.license
Launcher Type: SUN_STANDARD

[Global flags]
     intx CICompilerCount                          = 4                                         {product} {ergonomic}
     uint ConcGCThreads                            = 2                                         {product} {ergonomic}
     uint G1ConcRefinementThreads                  = 8                                         {product} {ergonomic}
   size_t G1HeapRegionSize                         = 1048576                                   {product} {ergonomic}
    uintx GCDrainStackTargetSize                   = 64                                        {product} {ergonomic}
   size_t InitialHeapSize                          = 134217728                                 {product} {ergonomic}
   size_t MarkStackSize                            = 4194304                                   {product} {ergonomic}
   size_t MaxHeapSize                              = 2116026368                                {product} {ergonomic}
   size_t MaxNewSize                               = 1268776960                                {product} {ergonomic}
   size_t MinHeapDeltaBytes                        = 1048576                                   {product} {ergonomic}
   size_t MinHeapSize                              = 8388608                                   {product} {ergonomic}
    uintx NonNMethodCodeHeapSize                   = 5839372                                {pd product} {ergonomic}
    uintx NonProfiledCodeHeapSize                  = 122909434                              {pd product} {ergonomic}
    uintx ProfiledCodeHeapSize                     = 122909434                              {pd product} {ergonomic}
    uintx ReservedCodeCacheSize                    = 251658240                              {pd product} {ergonomic}
     bool SegmentedCodeCache                       = true                                      {product} {ergonomic}
   size_t SoftMaxHeapSize                          = 2116026368                             {manageable} {ergonomic}
     bool UseCompressedClassPointers               = true                           {product lp64_product} {ergonomic}
     bool UseCompressedOops                        = true                           {product lp64_product} {ergonomic}
     bool UseG1GC                                  = true                                      {product} {ergonomic}
     bool UseLargePagesIndividualAllocation        = false                                  {pd product} {ergonomic}

Logging:
Log output configuration:
 #0: stdout all=warning uptime,level,tags foldmultilines=false
 #1: stderr all=off uptime,level,tags foldmultilines=false

Environment Variables:
PATH=C:\Program Files\Java\jdk-17\bin;C:\Program Files\Common Files\Oracle\Java\javapath;C:\Program Files\Eclipse Foundation\jdk-11.0.12.7-hotspot\bin;C:\Program Files (x86)\Intel\iCLS Client\;C:\Program Files\Intel\iCLS Client\;C:\Windows\system32;C:\Windows;C:\Windows\System32\Wbem;C:\Windows\System32\WindowsPowerShell\v1.0\;C:\Windows\System32\OpenSSH\;C:\Program Files (x86)\NVIDIA Corporation\PhysX\Common;C:\Program Files (x86)\Intel\Intel(R) Management Engine Components\DAL;C:\Program Files\Intel\Intel(R) Management Engine Components\DAL;C:\Program Files (x86)\Intel\Intel(R) Management Engine Components\IPT;C:\Program Files\Intel\Intel(R) Management Engine Components\IPT;C:\Program Files\Intel\WiFi\bin\;C:\Program Files\Common Files\Intel\WirelessCommon\;C:\Program Files\NVIDIA Corporation\NVIDIA NvDLISR;C:\WINDOWS\system32;C:\WINDOWS;C:\WINDOWS\System32\Wbem;C:\WINDOWS\System32\WindowsPowerShell\v1.0\;C:\WINDOWS\System32\OpenSSH\;C:\Program Files\Git\cmd;C:\Program Files\dotnet\;C:\Program Files\Microsoft SQL Server\130\Tools\Binn\;C:\Program Files\Microsoft SQL Server\Client SDK\ODBC\170\Tools\Binn\;D:\;C:\Program Files\Azure Data Studio\bin;C:\Program Files (x86)\Microsoft SQL Server\150\Tools\Binn\;C:\Program Files\Microsoft SQL Server\150\Tools\Binn\;C:\Program Files\Microsoft SQL Server\150\DTS\Binn\;C:\Program Files (x86)\dotnet\;C:\Program Files (x86)\Microsoft SQL Server\150\DTS\Binn\;C:\Program Files\Java\jdk-17\bin;C:\Users\ASUS\AppData\Local\Programs\Python\Python39\Scripts\;C:\Users\ASUS\AppData\Local\Programs\Python\Python39\;C:\Users\ASUS\AppData\Local\Microsoft\WindowsApps;C:\xampp\mysql\bin;C:\Program Files\JetBrains\PyCharm Community Edition 2021.1.2\bin;;C:\Users\ASUS\AppData\Local\GitHubDesktop\bin;C:\Users\ASUS\.dotnet\tools;C:\Users\ASUS\AppData\Roaming\npm;D:\Azure Data Studio\bin;C:\Program Files\Azure Data Studio\bin;D:\Microsoft VS Code\bin;C:\Program Files\JetBrains\IntelliJ IDEA 2021.2.2\bin;;
USERNAME=ASUS
OS=Windows_NT
PROCESSOR_IDENTIFIER=Intel64 Family 6 Model 142 Stepping 10, GenuineIntel



---------------  S Y S T E M  ---------------

OS:
 Windows 10 , 64 bit Build 19041 (10.0.19041.1706)
OS uptime: 1 days 4:28 hours

CPU: total 8 (initial active 8) (4 cores per cpu, 2 threads per core) family 6 model 142 stepping 10 microcode 0xb4, cx8, cmov, fxsr, ht, mmx, 3dnowpref, sse, sse2, sse3, ssse3, sse4.1, sse4.2, popcnt, lzcnt, tsc, tscinvbit, avx, avx2, aes, erms, clmul, bmi1, bmi2, adx, fma, vzeroupper, clflush, clflushopt

Memory: 4k page, system-wide physical 8070M (302M free)
TotalPageFile size 15262M (AvailPageFile size 0M)
current process WorkingSet (physical memory assigned to process): 258M, peak: 274M
current process commit charge ("private bytes"): 293M, peak: 316M

vm_info: Java HotSpot(TM) 64-Bit Server VM (18.0.1+10-24) for windows-amd64 JRE (18.0.1+10-24), built on Mar  9 2022 22:41:56 by "mach5one" with MS VC++ 16.8 / 16.9 (VS2019)

END.
