#
# There is insufficient memory for the Java Runtime Environment to continue.
# Native memory allocation (malloc) failed to allocate 32784 bytes for Chunk::new
# Possible reasons:
#   The system is out of physical RAM or swap space
#   The process is running with CompressedOops enabled, and the Java Heap may be blocking the growth of the native heap
# Possible solutions:
#   Reduce memory load on the system
#   Increase physical memory or swap space
#   Check if swap backing store is full
#   Decrease Java heap size (-Xmx/-Xms)
#   Decrease number of Java threads
#   Decrease Java thread stack sizes (-Xss)
#   Set larger code cache with -XX:ReservedCodeCacheSize=
#   JVM is running with Unscaled Compressed Oops mode in which the Java heap is
#     placed in the first 4GB address space. The Java Heap base address is the
#     maximum limit for the native heap growth. Please use -XX:HeapBaseMinAddress
#     to set the Java Heap base and to place the Java Heap above 4GB virtual address.
# This output file may be truncated or incomplete.
#
#  Out of Memory Error (arena.cpp:184), pid=16596, tid=13148
#
# JRE version: Java(TM) SE Runtime Environment (18.0.1+10) (build 18.0.1+10-24)
# Java VM: Java HotSpot(TM) 64-Bit Server VM (18.0.1+10-24, mixed mode, sharing, tiered, compressed oops, compressed class ptrs, g1 gc, windows-amd64)
# No core dump will be written. Minidumps are not enabled by default on client versions of Windows
#

---------------  S U M M A R Y ------------

Command Line: C:\Users\ASUS\AppData\Local\Temp\surefire9488897508869353261\surefirebooter101942192440718724.jar C:\Users\ASUS\AppData\Local\Temp\surefire9488897508869353261 2022-05-25T18-01-32_396-jvmRun1 surefire1391686181238835444tmp surefire_014254202680497245610tmp

Host: Intel(R) Core(TM) i5-8250U CPU @ 1.60GHz, 8 cores, 7G,  Windows 10 , 64 bit Build 19041 (10.0.19041.1706)
Time: Wed May 25 18:01:40 2022 Sri Lanka Standard Time elapsed time: 0.316849 seconds (0d 0h 0m 0s)

---------------  T H R E A D  ---------------

Current thread (0x000002332f024b80):  JavaThread "C2 CompilerThread0" daemon [_thread_in_native, id=13148, stack(0x000000dacf300000,0x000000dacf400000)]


Current CompileTask:
C2:    316  710   !   4       java.util.zip.ZipFile$Source::getEntryPos (195 bytes)

Stack: [0x000000dacf300000,0x000000dacf400000]
Native frames: (J=compiled Java code, j=interpreted, Vv=VM code, C=native code)
V  [jvm.dll+0x69887a]
V  [jvm.dll+0x7f38bd]
V  [jvm.dll+0x7f51ce]
V  [jvm.dll+0x7f5883]
V  [jvm.dll+0x25ca3f]
V  [jvm.dll+0xb8c2f]
V  [jvm.dll+0xb8fa5]
V  [jvm.dll+0xb8d4b]
V  [jvm.dll+0x67744c]
V  [jvm.dll+0x625d57]
V  [jvm.dll+0x62b7bb]
V  [jvm.dll+0x62c662]
V  [jvm.dll+0x62aae4]
V  [jvm.dll+0x22fa98]
V  [jvm.dll+0x22eff1]
V  [jvm.dll+0x1b9cfc]
V  [jvm.dll+0x23e8ca]
V  [jvm.dll+0x23cbb5]
V  [jvm.dll+0x7a5fb1]
V  [jvm.dll+0x7a03ea]
V  [jvm.dll+0x697725]
C  [ucrtbase.dll+0x21bb2]
C  [KERNEL32.DLL+0x17034]
C  [ntdll.dll+0x52651]


---------------  P R O C E S S  ---------------

Threads class SMR info:
_java_thread_list=0x00000233335975a0, length=14, elements={
0x000002330eed2790, 0x000002332efffcf0, 0x000002332f000860, 0x000002332f022590,
0x000002332f022e40, 0x000002332f0236f0, 0x000002332f023fa0, 0x000002332f024b80,
0x000002332f025a80, 0x000002332f029390, 0x00000233334a22b0, 0x00000233334a6dc0,
0x00000233334cc860, 0x00000233335b2b20
}

Java Threads: ( => current thread )
  0x000002330eed2790 JavaThread "main" [_thread_in_vm, id=4848, stack(0x000000dace600000,0x000000dace700000)]
  0x000002332efffcf0 JavaThread "Reference Handler" daemon [_thread_blocked, id=12508, stack(0x000000daced00000,0x000000dacee00000)]
  0x000002332f000860 JavaThread "Finalizer" daemon [_thread_blocked, id=25092, stack(0x000000dacee00000,0x000000dacef00000)]
  0x000002332f022590 JavaThread "Signal Dispatcher" daemon [_thread_blocked, id=22848, stack(0x000000dacef00000,0x000000dacf000000)]
  0x000002332f022e40 JavaThread "Attach Listener" daemon [_thread_blocked, id=23120, stack(0x000000dacf000000,0x000000dacf100000)]
  0x000002332f0236f0 JavaThread "Service Thread" daemon [_thread_blocked, id=6464, stack(0x000000dacf100000,0x000000dacf200000)]
  0x000002332f023fa0 JavaThread "Monitor Deflation Thread" daemon [_thread_blocked, id=14748, stack(0x000000dacf200000,0x000000dacf300000)]
=>0x000002332f024b80 JavaThread "C2 CompilerThread0" daemon [_thread_in_native, id=13148, stack(0x000000dacf300000,0x000000dacf400000)]
  0x000002332f025a80 JavaThread "C1 CompilerThread0" daemon [_thread_in_native, id=1552, stack(0x000000dacf400000,0x000000dacf500000)]
  0x000002332f029390 JavaThread "Sweeper thread" daemon [_thread_blocked, id=12396, stack(0x000000dacf500000,0x000000dacf600000)]
  0x00000233334a22b0 JavaThread "Notification Thread" daemon [_thread_blocked, id=25312, stack(0x000000dacf600000,0x000000dacf700000)]
  0x00000233334a6dc0 JavaThread "Common-Cleaner" daemon [_thread_blocked, id=12212, stack(0x000000dacf800000,0x000000dacf900000)]
  0x00000233334cc860 JavaThread "surefire-forkedjvm-command-thread" daemon [_thread_in_native, id=28264, stack(0x000000dacf900000,0x000000dacfa00000)]
  0x00000233335b2b20 JavaThread "surefire-forkedjvm-ping-30s" daemon [_thread_in_native, id=17508, stack(0x000000dacfa00000,0x000000dacfb00000)]

Other Threads:
  0x000002332effcde0 VMThread "VM Thread" [stack: 0x000000dacec00000,0x000000daced00000] [id=16188]
  0x00000233334a4780 WatcherThread "VM Periodic Task Thread" [stack: 0x000000dacf700000,0x000000dacf800000] [id=26820]
  0x000002330ef33c30 WorkerThread "GC Thread#0" [stack: 0x000000dace700000,0x000000dace800000] [id=18312]
  0x000002330ef446b0 ConcurrentGCThread "G1 Main Marker" [stack: 0x000000dace800000,0x000000dace900000] [id=28444]
  0x000002330ef44fb0 WorkerThread "G1 Conc#0" [stack: 0x000000dace900000,0x000000dacea00000] [id=18728]
  0x000002330ef99e10 ConcurrentGCThread "G1 Refine#0" [stack: 0x000000dacea00000,0x000000daceb00000] [id=25616]
  0x000002330ef9a630 ConcurrentGCThread "G1 Service" [stack: 0x000000daceb00000,0x000000dacec00000] [id=13500]

Threads with active compile tasks:
C2 CompilerThread0      336  710   !   4       java.util.zip.ZipFile$Source::getEntryPos (195 bytes)
C1 CompilerThread0      336  713       3       java.net.URLStreamHandler::parseURL (1124 bytes)

VM state: not at safepoint (normal execution)

VM Mutex/Monitor currently owned by a thread: None

Heap address: 0x0000000081e00000, size: 2018 MB, Compressed Oops mode: 32-bit

CDS archive(s) mapped at: [0x0000000800000000-0x0000000800ba0000-0x0000000800ba0000), size 12189696, SharedBaseAddress: 0x0000000800000000, ArchiveRelocationMode: 0.
Compressed class space mapped at: 0x0000000800c00000-0x0000000840c00000, reserved size: 1073741824
Narrow klass base: 0x0000000800000000, Narrow klass shift: 0, Narrow klass range: 0x100000000

GC Precious Log:
 CardTable entry size: 512
 Card Set container configuration: InlinePtr #cards 5 size 8 Array Of Cards #cards 12 size 40 Howl #buckets 4 coarsen threshold 1843 Howl Bitmap #cards 512 size 80 coarsen threshold 460 Card regions per heap region 1 cards per card region 2048
 CPUs: 8 total, 8 available
 Memory: 8070M
 Large Page Support: Disabled
 NUMA Support: Disabled
 Compressed Oops: Enabled (32-bit)
 Heap Region Size: 1M
 Heap Min Capacity: 8M
 Heap Initial Capacity: 128M
 Heap Max Capacity: 2018M
 Pre-touch: Disabled
 Parallel Workers: 8
 Concurrent Workers: 2
 Concurrent Refinement Workers: 8
 Periodic GC: Disabled

Heap:
 garbage-first heap   total 131072K, used 11264K [0x0000000081e00000, 0x0000000100000000)
  region size 1024K, 13 young (13312K), 0 survivors (0K)
 Metaspace       used 2735K, committed 2944K, reserved 1114112K
  class space    used 271K, committed 384K, reserved 1048576K

Heap Regions: E=young(eden), S=young(survivor), O=old, HS=humongous(starts), HC=humongous(continues), CS=collection set, F=free, OA=open archive, CA=closed archive, TAMS=top-at-mark-start (previous, next)
|   0|0x0000000081e00000, 0x0000000081e00000, 0x0000000081f00000|  0%| F|  |TAMS 0x0000000081e00000, 0x0000000081e00000| Untracked 
|   1|0x0000000081f00000, 0x0000000081f00000, 0x0000000082000000|  0%| F|  |TAMS 0x0000000081f00000, 0x0000000081f00000| Untracked 
|   2|0x0000000082000000, 0x0000000082000000, 0x0000000082100000|  0%| F|  |TAMS 0x0000000082000000, 0x0000000082000000| Untracked 
|   3|0x0000000082100000, 0x0000000082100000, 0x0000000082200000|  0%| F|  |TAMS 0x0000000082100000, 0x0000000082100000| Untracked 
|   4|0x0000000082200000, 0x0000000082200000, 0x0000000082300000|  0%| F|  |TAMS 0x0000000082200000, 0x0000000082200000| Untracked 
|   5|0x0000000082300000, 0x0000000082300000, 0x0000000082400000|  0%| F|  |TAMS 0x0000000082300000, 0x0000000082300000| Untracked 
|   6|0x0000000082400000, 0x0000000082400000, 0x0000000082500000|  0%| F|  |TAMS 0x0000000082400000, 0x0000000082400000| Untracked 
|   7|0x0000000082500000, 0x0000000082500000, 0x0000000082600000|  0%| F|  |TAMS 0x0000000082500000, 0x0000000082500000| Untracked 
|   8|0x0000000082600000, 0x0000000082600000, 0x0000000082700000|  0%| F|  |TAMS 0x0000000082600000, 0x0000000082600000| Untracked 
|   9|0x0000000082700000, 0x0000000082700000, 0x0000000082800000|  0%| F|  |TAMS 0x0000000082700000, 0x0000000082700000| Untracked 
|  10|0x0000000082800000, 0x0000000082800000, 0x0000000082900000|  0%| F|  |TAMS 0x0000000082800000, 0x0000000082800000| Untracked 
|  11|0x0000000082900000, 0x0000000082900000, 0x0000000082a00000|  0%| F|  |TAMS 0x0000000082900000, 0x0000000082900000| Untracked 
|  12|0x0000000082a00000, 0x0000000082a00000, 0x0000000082b00000|  0%| F|  |TAMS 0x0000000082a00000, 0x0000000082a00000| Untracked 
|  13|0x0000000082b00000, 0x0000000082b00000, 0x0000000082c00000|  0%| F|  |TAMS 0x0000000082b00000, 0x0000000082b00000| Untracked 
|  14|0x0000000082c00000, 0x0000000082c00000, 0x0000000082d00000|  0%| F|  |TAMS 0x0000000082c00000, 0x0000000082c00000| Untracked 
|  15|0x0000000082d00000, 0x0000000082d00000, 0x0000000082e00000|  0%| F|  |TAMS 0x0000000082d00000, 0x0000000082d00000| Untracked 
|  16|0x0000000082e00000, 0x0000000082e00000, 0x0000000082f00000|  0%| F|  |TAMS 0x0000000082e00000, 0x0000000082e00000| Untracked 
|  17|0x0000000082f00000, 0x0000000082f00000, 0x0000000083000000|  0%| F|  |TAMS 0x0000000082f00000, 0x0000000082f00000| Untracked 
|  18|0x0000000083000000, 0x0000000083000000, 0x0000000083100000|  0%| F|  |TAMS 0x0000000083000000, 0x0000000083000000| Untracked 
|  19|0x0000000083100000, 0x0000000083100000, 0x0000000083200000|  0%| F|  |TAMS 0x0000000083100000, 0x0000000083100000| Untracked 
|  20|0x0000000083200000, 0x0000000083200000, 0x0000000083300000|  0%| F|  |TAMS 0x0000000083200000, 0x0000000083200000| Untracked 
|  21|0x0000000083300000, 0x0000000083300000, 0x0000000083400000|  0%| F|  |TAMS 0x0000000083300000, 0x0000000083300000| Untracked 
|  22|0x0000000083400000, 0x0000000083400000, 0x0000000083500000|  0%| F|  |TAMS 0x0000000083400000, 0x0000000083400000| Untracked 
|  23|0x0000000083500000, 0x0000000083500000, 0x0000000083600000|  0%| F|  |TAMS 0x0000000083500000, 0x0000000083500000| Untracked 
|  24|0x0000000083600000, 0x0000000083600000, 0x0000000083700000|  0%| F|  |TAMS 0x0000000083600000, 0x0000000083600000| Untracked 
|  25|0x0000000083700000, 0x0000000083700000, 0x0000000083800000|  0%| F|  |TAMS 0x0000000083700000, 0x0000000083700000| Untracked 
|  26|0x0000000083800000, 0x0000000083800000, 0x0000000083900000|  0%| F|  |TAMS 0x0000000083800000, 0x0000000083800000| Untracked 
|  27|0x0000000083900000, 0x0000000083900000, 0x0000000083a00000|  0%| F|  |TAMS 0x0000000083900000, 0x0000000083900000| Untracked 
|  28|0x0000000083a00000, 0x0000000083a00000, 0x0000000083b00000|  0%| F|  |TAMS 0x0000000083a00000, 0x0000000083a00000| Untracked 
|  29|0x0000000083b00000, 0x0000000083b00000, 0x0000000083c00000|  0%| F|  |TAMS 0x0000000083b00000, 0x0000000083b00000| Untracked 
|  30|0x0000000083c00000, 0x0000000083c00000, 0x0000000083d00000|  0%| F|  |TAMS 0x0000000083c00000, 0x0000000083c00000| Untracked 
|  31|0x0000000083d00000, 0x0000000083d00000, 0x0000000083e00000|  0%| F|  |TAMS 0x0000000083d00000, 0x0000000083d00000| Untracked 
|  32|0x0000000083e00000, 0x0000000083e00000, 0x0000000083f00000|  0%| F|  |TAMS 0x0000000083e00000, 0x0000000083e00000| Untracked 
|  33|0x0000000083f00000, 0x0000000083f00000, 0x0000000084000000|  0%| F|  |TAMS 0x0000000083f00000, 0x0000000083f00000| Untracked 
|  34|0x0000000084000000, 0x0000000084000000, 0x0000000084100000|  0%| F|  |TAMS 0x0000000084000000, 0x0000000084000000| Untracked 
|  35|0x0000000084100000, 0x0000000084100000, 0x0000000084200000|  0%| F|  |TAMS 0x0000000084100000, 0x0000000084100000| Untracked 
|  36|0x0000000084200000, 0x0000000084200000, 0x0000000084300000|  0%| F|  |TAMS 0x0000000084200000, 0x0000000084200000| Untracked 
|  37|0x0000000084300000, 0x0000000084300000, 0x0000000084400000|  0%| F|  |TAMS 0x0000000084300000, 0x0000000084300000| Untracked 
|  38|0x0000000084400000, 0x0000000084400000, 0x0000000084500000|  0%| F|  |TAMS 0x0000000084400000, 0x0000000084400000| Untracked 
|  39|0x0000000084500000, 0x0000000084500000, 0x0000000084600000|  0%| F|  |TAMS 0x0000000084500000, 0x0000000084500000| Untracked 
|  40|0x0000000084600000, 0x0000000084600000, 0x0000000084700000|  0%| F|  |TAMS 0x0000000084600000, 0x0000000084600000| Untracked 
|  41|0x0000000084700000, 0x0000000084700000, 0x0000000084800000|  0%| F|  |TAMS 0x0000000084700000, 0x0000000084700000| Untracked 
|  42|0x0000000084800000, 0x0000000084800000, 0x0000000084900000|  0%| F|  |TAMS 0x0000000084800000, 0x0000000084800000| Untracked 
|  43|0x0000000084900000, 0x0000000084900000, 0x0000000084a00000|  0%| F|  |TAMS 0x0000000084900000, 0x0000000084900000| Untracked 
|  44|0x0000000084a00000, 0x0000000084a00000, 0x0000000084b00000|  0%| F|  |TAMS 0x0000000084a00000, 0x0000000084a00000| Untracked 
|  45|0x0000000084b00000, 0x0000000084b00000, 0x0000000084c00000|  0%| F|  |TAMS 0x0000000084b00000, 0x0000000084b00000| Untracked 
|  46|0x0000000084c00000, 0x0000000084c00000, 0x0000000084d00000|  0%| F|  |TAMS 0x0000000084c00000, 0x0000000084c00000| Untracked 
|  47|0x0000000084d00000, 0x0000000084d00000, 0x0000000084e00000|  0%| F|  |TAMS 0x0000000084d00000, 0x0000000084d00000| Untracked 
|  48|0x0000000084e00000, 0x0000000084e00000, 0x0000000084f00000|  0%| F|  |TAMS 0x0000000084e00000, 0x0000000084e00000| Untracked 
|  49|0x0000000084f00000, 0x0000000084f00000, 0x0000000085000000|  0%| F|  |TAMS 0x0000000084f00000, 0x0000000084f00000| Untracked 
|  50|0x0000000085000000, 0x0000000085000000, 0x0000000085100000|  0%| F|  |TAMS 0x0000000085000000, 0x0000000085000000| Untracked 
|  51|0x0000000085100000, 0x0000000085100000, 0x0000000085200000|  0%| F|  |TAMS 0x0000000085100000, 0x0000000085100000| Untracked 
|  52|0x0000000085200000, 0x0000000085200000, 0x0000000085300000|  0%| F|  |TAMS 0x0000000085200000, 0x0000000085200000| Untracked 
|  53|0x0000000085300000, 0x0000000085300000, 0x0000000085400000|  0%| F|  |TAMS 0x0000000085300000, 0x0000000085300000| Untracked 
|  54|0x0000000085400000, 0x0000000085400000, 0x0000000085500000|  0%| F|  |TAMS 0x0000000085400000, 0x0000000085400000| Untracked 
|  55|0x0000000085500000, 0x0000000085500000, 0x0000000085600000|  0%| F|  |TAMS 0x0000000085500000, 0x0000000085500000| Untracked 
|  56|0x0000000085600000, 0x0000000085600000, 0x0000000085700000|  0%| F|  |TAMS 0x0000000085600000, 0x0000000085600000| Untracked 
|  57|0x0000000085700000, 0x0000000085700000, 0x0000000085800000|  0%| F|  |TAMS 0x0000000085700000, 0x0000000085700000| Untracked 
|  58|0x0000000085800000, 0x0000000085800000, 0x0000000085900000|  0%| F|  |TAMS 0x0000000085800000, 0x0000000085800000| Untracked 
|  59|0x0000000085900000, 0x0000000085900000, 0x0000000085a00000|  0%| F|  |TAMS 0x0000000085900000, 0x0000000085900000| Untracked 
|  60|0x0000000085a00000, 0x0000000085a00000, 0x0000000085b00000|  0%| F|  |TAMS 0x0000000085a00000, 0x0000000085a00000| Untracked 
|  61|0x0000000085b00000, 0x0000000085b00000, 0x0000000085c00000|  0%| F|  |TAMS 0x0000000085b00000, 0x0000000085b00000| Untracked 
|  62|0x0000000085c00000, 0x0000000085c00000, 0x0000000085d00000|  0%| F|  |TAMS 0x0000000085c00000, 0x0000000085c00000| Untracked 
|  63|0x0000000085d00000, 0x0000000085d00000, 0x0000000085e00000|  0%| F|  |TAMS 0x0000000085d00000, 0x0000000085d00000| Untracked 
|  64|0x0000000085e00000, 0x0000000085e00000, 0x0000000085f00000|  0%| F|  |TAMS 0x0000000085e00000, 0x0000000085e00000| Untracked 
|  65|0x0000000085f00000, 0x0000000085f00000, 0x0000000086000000|  0%| F|  |TAMS 0x0000000085f00000, 0x0000000085f00000| Untracked 
|  66|0x0000000086000000, 0x0000000086000000, 0x0000000086100000|  0%| F|  |TAMS 0x0000000086000000, 0x0000000086000000| Untracked 
|  67|0x0000000086100000, 0x0000000086100000, 0x0000000086200000|  0%| F|  |TAMS 0x0000000086100000, 0x0000000086100000| Untracked 
|  68|0x0000000086200000, 0x0000000086200000, 0x0000000086300000|  0%| F|  |TAMS 0x0000000086200000, 0x0000000086200000| Untracked 
|  69|0x0000000086300000, 0x0000000086300000, 0x0000000086400000|  0%| F|  |TAMS 0x0000000086300000, 0x0000000086300000| Untracked 
|  70|0x0000000086400000, 0x0000000086400000, 0x0000000086500000|  0%| F|  |TAMS 0x0000000086400000, 0x0000000086400000| Untracked 
|  71|0x0000000086500000, 0x0000000086500000, 0x0000000086600000|  0%| F|  |TAMS 0x0000000086500000, 0x0000000086500000| Untracked 
|  72|0x0000000086600000, 0x0000000086600000, 0x0000000086700000|  0%| F|  |TAMS 0x0000000086600000, 0x0000000086600000| Untracked 
|  73|0x0000000086700000, 0x0000000086700000, 0x0000000086800000|  0%| F|  |TAMS 0x0000000086700000, 0x0000000086700000| Untracked 
|  74|0x0000000086800000, 0x0000000086800000, 0x0000000086900000|  0%| F|  |TAMS 0x0000000086800000, 0x0000000086800000| Untracked 
|  75|0x0000000086900000, 0x0000000086900000, 0x0000000086a00000|  0%| F|  |TAMS 0x0000000086900000, 0x0000000086900000| Untracked 
|  76|0x0000000086a00000, 0x0000000086a00000, 0x0000000086b00000|  0%| F|  |TAMS 0x0000000086a00000, 0x0000000086a00000| Untracked 
|  77|0x0000000086b00000, 0x0000000086b00000, 0x0000000086c00000|  0%| F|  |TAMS 0x0000000086b00000, 0x0000000086b00000| Untracked 
|  78|0x0000000086c00000, 0x0000000086c00000, 0x0000000086d00000|  0%| F|  |TAMS 0x0000000086c00000, 0x0000000086c00000| Untracked 
|  79|0x0000000086d00000, 0x0000000086d00000, 0x0000000086e00000|  0%| F|  |TAMS 0x0000000086d00000, 0x0000000086d00000| Untracked 
|  80|0x0000000086e00000, 0x0000000086e00000, 0x0000000086f00000|  0%| F|  |TAMS 0x0000000086e00000, 0x0000000086e00000| Untracked 
|  81|0x0000000086f00000, 0x0000000086f00000, 0x0000000087000000|  0%| F|  |TAMS 0x0000000086f00000, 0x0000000086f00000| Untracked 
|  82|0x0000000087000000, 0x0000000087000000, 0x0000000087100000|  0%| F|  |TAMS 0x0000000087000000, 0x0000000087000000| Untracked 
|  83|0x0000000087100000, 0x0000000087100000, 0x0000000087200000|  0%| F|  |TAMS 0x0000000087100000, 0x0000000087100000| Untracked 
|  84|0x0000000087200000, 0x0000000087200000, 0x0000000087300000|  0%| F|  |TAMS 0x0000000087200000, 0x0000000087200000| Untracked 
|  85|0x0000000087300000, 0x0000000087300000, 0x0000000087400000|  0%| F|  |TAMS 0x0000000087300000, 0x0000000087300000| Untracked 
|  86|0x0000000087400000, 0x0000000087400000, 0x0000000087500000|  0%| F|  |TAMS 0x0000000087400000, 0x0000000087400000| Untracked 
|  87|0x0000000087500000, 0x0000000087500000, 0x0000000087600000|  0%| F|  |TAMS 0x0000000087500000, 0x0000000087500000| Untracked 
|  88|0x0000000087600000, 0x0000000087600000, 0x0000000087700000|  0%| F|  |TAMS 0x0000000087600000, 0x0000000087600000| Untracked 
|  89|0x0000000087700000, 0x0000000087700000, 0x0000000087800000|  0%| F|  |TAMS 0x0000000087700000, 0x0000000087700000| Untracked 
|  90|0x0000000087800000, 0x0000000087800000, 0x0000000087900000|  0%| F|  |TAMS 0x0000000087800000, 0x0000000087800000| Untracked 
|  91|0x0000000087900000, 0x0000000087900000, 0x0000000087a00000|  0%| F|  |TAMS 0x0000000087900000, 0x0000000087900000| Untracked 
|  92|0x0000000087a00000, 0x0000000087a00000, 0x0000000087b00000|  0%| F|  |TAMS 0x0000000087a00000, 0x0000000087a00000| Untracked 
|  93|0x0000000087b00000, 0x0000000087b00000, 0x0000000087c00000|  0%| F|  |TAMS 0x0000000087b00000, 0x0000000087b00000| Untracked 
|  94|0x0000000087c00000, 0x0000000087c00000, 0x0000000087d00000|  0%| F|  |TAMS 0x0000000087c00000, 0x0000000087c00000| Untracked 
|  95|0x0000000087d00000, 0x0000000087d00000, 0x0000000087e00000|  0%| F|  |TAMS 0x0000000087d00000, 0x0000000087d00000| Untracked 
|  96|0x0000000087e00000, 0x0000000087e00000, 0x0000000087f00000|  0%| F|  |TAMS 0x0000000087e00000, 0x0000000087e00000| Untracked 
|  97|0x0000000087f00000, 0x0000000087f00000, 0x0000000088000000|  0%| F|  |TAMS 0x0000000087f00000, 0x0000000087f00000| Untracked 
|  98|0x0000000088000000, 0x0000000088000000, 0x0000000088100000|  0%| F|  |TAMS 0x0000000088000000, 0x0000000088000000| Untracked 
|  99|0x0000000088100000, 0x0000000088100000, 0x0000000088200000|  0%| F|  |TAMS 0x0000000088100000, 0x0000000088100000| Untracked 
| 100|0x0000000088200000, 0x0000000088200000, 0x0000000088300000|  0%| F|  |TAMS 0x0000000088200000, 0x0000000088200000| Untracked 
| 101|0x0000000088300000, 0x0000000088300000, 0x0000000088400000|  0%| F|  |TAMS 0x0000000088300000, 0x0000000088300000| Untracked 
| 102|0x0000000088400000, 0x0000000088400000, 0x0000000088500000|  0%| F|  |TAMS 0x0000000088400000, 0x0000000088400000| Untracked 
| 103|0x0000000088500000, 0x0000000088500000, 0x0000000088600000|  0%| F|  |TAMS 0x0000000088500000, 0x0000000088500000| Untracked 
| 104|0x0000000088600000, 0x0000000088600000, 0x0000000088700000|  0%| F|  |TAMS 0x0000000088600000, 0x0000000088600000| Untracked 
| 105|0x0000000088700000, 0x0000000088700000, 0x0000000088800000|  0%| F|  |TAMS 0x0000000088700000, 0x0000000088700000| Untracked 
| 106|0x0000000088800000, 0x0000000088800000, 0x0000000088900000|  0%| F|  |TAMS 0x0000000088800000, 0x0000000088800000| Untracked 
| 107|0x0000000088900000, 0x0000000088900000, 0x0000000088a00000|  0%| F|  |TAMS 0x0000000088900000, 0x0000000088900000| Untracked 
| 108|0x0000000088a00000, 0x0000000088a00000, 0x0000000088b00000|  0%| F|  |TAMS 0x0000000088a00000, 0x0000000088a00000| Untracked 
| 109|0x0000000088b00000, 0x0000000088b00000, 0x0000000088c00000|  0%| F|  |TAMS 0x0000000088b00000, 0x0000000088b00000| Untracked 
| 110|0x0000000088c00000, 0x0000000088c00000, 0x0000000088d00000|  0%| F|  |TAMS 0x0000000088c00000, 0x0000000088c00000| Untracked 
| 111|0x0000000088d00000, 0x0000000088d00000, 0x0000000088e00000|  0%| F|  |TAMS 0x0000000088d00000, 0x0000000088d00000| Untracked 
| 112|0x0000000088e00000, 0x0000000088e00000, 0x0000000088f00000|  0%| F|  |TAMS 0x0000000088e00000, 0x0000000088e00000| Untracked 
| 113|0x0000000088f00000, 0x0000000088f00000, 0x0000000089000000|  0%| F|  |TAMS 0x0000000088f00000, 0x0000000088f00000| Untracked 
| 114|0x0000000089000000, 0x0000000089000000, 0x0000000089100000|  0%| F|  |TAMS 0x0000000089000000, 0x0000000089000000| Untracked 
| 115|0x0000000089100000, 0x0000000089200000, 0x0000000089200000|100%| E|  |TAMS 0x0000000089100000, 0x0000000089100000| Complete 
| 116|0x0000000089200000, 0x0000000089300000, 0x0000000089300000|100%| E|CS|TAMS 0x0000000089200000, 0x0000000089200000| Complete 
| 117|0x0000000089300000, 0x0000000089400000, 0x0000000089400000|100%| E|CS|TAMS 0x0000000089300000, 0x0000000089300000| Complete 
| 118|0x0000000089400000, 0x0000000089500000, 0x0000000089500000|100%| E|CS|TAMS 0x0000000089400000, 0x0000000089400000| Complete 
| 119|0x0000000089500000, 0x0000000089600000, 0x0000000089600000|100%| E|  |TAMS 0x0000000089500000, 0x0000000089500000| Complete 
| 120|0x0000000089600000, 0x0000000089700000, 0x0000000089700000|100%| E|CS|TAMS 0x0000000089600000, 0x0000000089600000| Complete 
| 121|0x0000000089700000, 0x0000000089800000, 0x0000000089800000|100%| E|CS|TAMS 0x0000000089700000, 0x0000000089700000| Complete 
| 122|0x0000000089800000, 0x0000000089900000, 0x0000000089900000|100%| E|CS|TAMS 0x0000000089800000, 0x0000000089800000| Complete 
| 123|0x0000000089900000, 0x0000000089a00000, 0x0000000089a00000|100%| E|CS|TAMS 0x0000000089900000, 0x0000000089900000| Complete 
| 124|0x0000000089a00000, 0x0000000089b00000, 0x0000000089b00000|100%| E|CS|TAMS 0x0000000089a00000, 0x0000000089a00000| Complete 
| 125|0x0000000089b00000, 0x0000000089c00000, 0x0000000089c00000|100%| E|CS|TAMS 0x0000000089b00000, 0x0000000089b00000| Complete 
| 126|0x0000000089c00000, 0x0000000089d00000, 0x0000000089d00000|100%| E|CS|TAMS 0x0000000089c00000, 0x0000000089c00000| Complete 
| 127|0x0000000089d00000, 0x0000000089e00000, 0x0000000089e00000|100%| E|CS|TAMS 0x0000000089d00000, 0x0000000089d00000| Complete 

Card table byte_map: [0x0000023327e90000,0x0000023328290000] _byte_map_base: 0x0000023327a81000

Marking Bits (Prev, Next): (CMBitMap*) 0x000002330ef34140, (CMBitMap*) 0x000002330ef34180
 Prev Bits: [0x0000023328690000, 0x000002332a618000)
 Next Bits: [0x000002332a620000, 0x000002332c5a8000)

Polling page: 0x000002330efa0000

Metaspace:

Usage:
  Non-class:      2.41 MB used.
      Class:    271.87 KB used.
       Both:      2.67 MB used.

Virtual space:
  Non-class space:       64.00 MB reserved,       2.50 MB (  4%) committed,  1 nodes.
      Class space:        1.00 GB reserved,     384.00 KB ( <1%) committed,  1 nodes.
             Both:        1.06 GB reserved,       2.88 MB ( <1%) committed. 

Chunk freelists:
   Non-Class:  3.17 MB
       Class:  3.61 MB
        Both:  6.78 MB

MaxMetaspaceSize: unlimited
CompressedClassSpaceSize: 1.00 GB
Initial GC threshold: 21.00 MB
Current GC threshold: 21.00 MB
CDS: on
MetaspaceReclaimPolicy: balanced
 - commit_granule_bytes: 65536.
 - commit_granule_words: 8192.
 - virtual_space_node_default_size: 8388608.
 - enlarge_chunks_in_place: 1.
 - new_chunks_are_fully_committed: 0.
 - uncommit_free_chunks: 1.
 - use_allocation_guard: 0.


Internal statistics:

num_allocs_failed_limit: 0.
num_arena_births: 42.
num_arena_deaths: 0.
num_vsnodes_births: 2.
num_vsnodes_deaths: 0.
num_space_committed: 46.
num_space_uncommitted: 0.
num_chunks_returned_to_freelist: 0.
num_chunks_taken_from_freelist: 102.
num_chunk_merges: 0.
num_chunk_splits: 59.
num_chunks_enlarged: 41.
num_inconsistent_stats: 0.

CodeHeap 'non-profiled nmethods': size=120000Kb used=211Kb max_used=211Kb free=119788Kb
 bounds [0x000002331faf0000, 0x000002331fd60000, 0x0000023327020000]
CodeHeap 'profiled nmethods': size=120000Kb used=1217Kb max_used=1217Kb free=118782Kb
 bounds [0x00000233185c0000, 0x0000023318830000, 0x000002331faf0000]
CodeHeap 'non-nmethods': size=5760Kb used=1157Kb max_used=1175Kb free=4602Kb
 bounds [0x0000023318020000, 0x0000023318290000, 0x00000233185c0000]
 total_blobs=1147 nmethods=711 adapters=349
 compilation: enabled
              stopped_count=0, restarted_count=0
 full_count=0

Compilation events (20 events):
Event: 0.303 Thread 0x000002332f025a80 nmethod 702 0x00000233186e9090 code [0x00000233186e9240, 0x00000233186e9408]
Event: 0.303 Thread 0x000002332f025a80  704       3       sun.net.www.protocol.jar.Handler::checkNestedProtocol (18 bytes)
Event: 0.304 Thread 0x000002332f025a80 nmethod 704 0x00000233186e9510 code [0x00000233186e96c0, 0x00000233186e98a8]
Event: 0.304 Thread 0x000002332f025a80  705       3       sun.net.util.IPAddressUtil::checkHostString (53 bytes)
Event: 0.304 Thread 0x000002332f025a80 nmethod 705 0x00000233186e9990 code [0x00000233186e9c40, 0x00000233186ea7c8]
Event: 0.304 Thread 0x000002332f025a80  706   !   3       java.net.URL::set (114 bytes)
Event: 0.305 Thread 0x000002332f025a80 nmethod 706 0x00000233186eac10 code [0x00000233186eae60, 0x00000233186eb918]
Event: 0.305 Thread 0x000002332f025a80  707       3       java.io.FileSystem::hasBooleanAttributes (17 bytes)
Event: 0.305 Thread 0x000002332f025a80 nmethod 707 0x00000233186ebc90 code [0x00000233186ebe40, 0x00000233186ebfe8]
Event: 0.305 Thread 0x000002332f025a80  709       3       java.io.File::exists (34 bytes)
Event: 0.305 Thread 0x000002332f024b80 nmethod 685 0x000002331fb23690 code [0x000002331fb23820, 0x000002331fb23db8]
Event: 0.305 Thread 0x000002332f024b80  703 %     4       java.lang.StringLatin1::indexOf @ 30 (121 bytes)
Event: 0.305 Thread 0x000002332f025a80 nmethod 709 0x00000233186ec090 code [0x00000233186ec260, 0x00000233186ec678]
Event: 0.307 Thread 0x000002332f025a80  711   !   3       java.util.concurrent.ConcurrentHashMap::computeIfAbsent (576 bytes)
Event: 0.309 Thread 0x000002332f025a80 nmethod 711 0x00000233186ec810 code [0x00000233186ecc20, 0x00000233186eeff8]
Event: 0.309 Thread 0x000002332f025a80  712       3       sun.net.www.protocol.file.Handler::parseURL (18 bytes)
Event: 0.309 Thread 0x000002332f024b80 nmethod 703% 0x000002331fb24390 code [0x000002331fb24520, 0x000002331fb248b8]
Event: 0.309 Thread 0x000002332f024b80  710   !   4       java.util.zip.ZipFile$Source::getEntryPos (195 bytes)
Event: 0.309 Thread 0x000002332f025a80 nmethod 712 0x00000233186f0090 code [0x00000233186f0240, 0x00000233186f03f8]
Event: 0.309 Thread 0x000002332f025a80  713       3       java.net.URLStreamHandler::parseURL (1124 bytes)

GC Heap History (0 events):
No events

Deoptimization events (20 events):
Event: 0.152 Thread 0x000002330eed2790 DEOPT PACKING pc=0x00000233185de78c sp=0x000000dace6fe2a0
Event: 0.152 Thread 0x000002330eed2790 DEOPT UNPACKING pc=0x0000023318072b43 sp=0x000000dace6fd730 mode 0
Event: 0.152 Thread 0x000002330eed2790 DEOPT PACKING pc=0x00000233185de78c sp=0x000000dace6fe2a0
Event: 0.152 Thread 0x000002330eed2790 DEOPT UNPACKING pc=0x0000023318072b43 sp=0x000000dace6fd730 mode 0
Event: 0.153 Thread 0x000002330eed2790 DEOPT PACKING pc=0x00000233185de78c sp=0x000000dace6fe2a0
Event: 0.153 Thread 0x000002330eed2790 DEOPT UNPACKING pc=0x0000023318072b43 sp=0x000000dace6fd730 mode 0
Event: 0.153 Thread 0x000002330eed2790 DEOPT PACKING pc=0x00000233185de78c sp=0x000000dace6fe2a0
Event: 0.153 Thread 0x000002330eed2790 DEOPT UNPACKING pc=0x0000023318072b43 sp=0x000000dace6fd730 mode 0
Event: 0.156 Thread 0x000002330eed2790 DEOPT PACKING pc=0x00000233185de78c sp=0x000000dace6fe2a0
Event: 0.156 Thread 0x000002330eed2790 DEOPT UNPACKING pc=0x0000023318072b43 sp=0x000000dace6fd730 mode 0
Event: 0.245 Thread 0x000002330eed2790 Uncommon trap: trap_request=0xffffff45 fr.pc=0x000002331fb11764 relative=0x0000000000000064
Event: 0.245 Thread 0x000002330eed2790 Uncommon trap: reason=unstable_if action=reinterpret pc=0x000002331fb11764 method=java.io.WinNTFileSystem.isSlash(C)Z @ 9 c2
Event: 0.245 Thread 0x000002330eed2790 DEOPT PACKING pc=0x000002331fb11764 sp=0x000000dace6fe460
Event: 0.245 Thread 0x000002330eed2790 DEOPT UNPACKING pc=0x00000233180723a3 sp=0x000000dace6fe3e8 mode 2
Event: 0.247 Thread 0x000002330eed2790 DEOPT PACKING pc=0x00000233185d3968 sp=0x000000dace6fd810
Event: 0.247 Thread 0x000002330eed2790 DEOPT UNPACKING pc=0x0000023318072b43 sp=0x000000dace6fcca0 mode 0
Event: 0.296 Thread 0x000002330eed2790 DEOPT PACKING pc=0x000002331866cda6 sp=0x000000dace6fa790
Event: 0.296 Thread 0x000002330eed2790 DEOPT UNPACKING pc=0x0000023318072b43 sp=0x000000dace6f9c60 mode 0
Event: 0.304 Thread 0x000002330eed2790 DEOPT PACKING pc=0x00000233185e39f7 sp=0x000000dace6fd6e0
Event: 0.304 Thread 0x000002330eed2790 DEOPT UNPACKING pc=0x0000023318072b43 sp=0x000000dace6fcba0 mode 0

Classes loaded (20 events):
Event: 0.288 Loading class java/util/stream/MatchOps
Event: 0.288 Loading class java/util/stream/MatchOps done
Event: 0.288 Loading class java/util/stream/MatchOps$MatchOp
Event: 0.288 Loading class java/util/stream/MatchOps$MatchOp done
Event: 0.288 Loading class java/util/stream/MatchOps$BooleanTerminalSink
Event: 0.288 Loading class java/util/stream/MatchOps$BooleanTerminalSink done
Event: 0.288 Loading class java/util/stream/MatchOps$1MatchSink
Event: 0.288 Loading class java/util/stream/MatchOps$1MatchSink done
Event: 0.291 Loading class java/io/UnsupportedEncodingException
Event: 0.291 Loading class java/io/UnsupportedEncodingException done
Event: 0.291 Loading class java/lang/AssertionError
Event: 0.291 Loading class java/lang/AssertionError done
Event: 0.291 Loading class java/util/Formatter$FixedString
Event: 0.291 Loading class java/util/Formatter$FixedString done
Event: 0.292 Loading class java/net/URLEncoder
Event: 0.292 Loading class java/net/URLEncoder done
Event: 0.292 Loading class java/util/BitSet
Event: 0.293 Loading class java/util/BitSet done
Event: 0.293 Loading class java/io/CharArrayWriter
Event: 0.293 Loading class java/io/CharArrayWriter done

Classes unloaded (0 events):
No events

Classes redefined (0 events):
No events

Internal exceptions (11 events):
Event: 0.064 Thread 0x000002330eed2790 Exception <a 'java/lang/NoSuchMethodError'{0x0000000089cce2d0}: 'java.lang.Object java.lang.invoke.DirectMethodHandle$Holder.invokeStaticInit(java.lang.Object)'> (0x0000000089cce2d0) 
thrown [s\open\src\hotspot\share\interpreter\linkResolver.cpp, line 766]
Event: 0.082 Thread 0x000002330eed2790 Exception <a 'java/lang/NoSuchMethodError'{0x0000000089b8abb0}: 'int java.lang.invoke.DirectMethodHandle$Holder.invokeSpecial(java.lang.Object, java.lang.Object, java.lang.Object)'> (0x0000000089b8abb0) 
thrown [s\open\src\hotspot\share\interpreter\linkResolver.cpp, line 766]
Event: 0.149 Thread 0x00000233335b2b20 Exception <a 'java/lang/NoSuchMethodError'{0x00000000899ac688}: 'void java.lang.invoke.DirectMethodHandle$Holder.invokeStatic(java.lang.Object, long)'> (0x00000000899ac688) 
thrown [s\open\src\hotspot\share\interpreter\linkResolver.cpp, line 766]
Event: 0.150 Thread 0x00000233335b2b20 Exception <a 'java/lang/NoSuchMethodError'{0x00000000899b1d78}: 'java.lang.Object java.lang.invoke.DirectMethodHandle$Holder.newInvokeSpecial(java.lang.Object, long)'> (0x00000000899b1d78) 
thrown [s\open\src\hotspot\share\interpreter\linkResolver.cpp, line 766]
Event: 0.153 Thread 0x00000233335b2b20 Exception <a 'java/lang/NoSuchMethodError'{0x00000000899bda28}: 'java.lang.Object java.lang.invoke.DirectMethodHandle$Holder.invokeStaticInit(java.lang.Object, java.lang.Object, long, java.lang.Object)'> (0x00000000899bda28) 
thrown [s\open\src\hotspot\share\interpreter\linkResolver.cpp, line 766]
Event: 0.154 Thread 0x00000233335b2b20 Exception <a 'java/lang/NoSuchMethodError'{0x00000000899c40e8}: 'java.lang.Object java.lang.invoke.DirectMethodHandle$Holder.newInvokeSpecial(java.lang.Object, java.lang.Object, long)'> (0x00000000899c40e8) 
thrown [s\open\src\hotspot\share\interpreter\linkResolver.cpp, line 766]
Event: 0.155 Thread 0x00000233335b2b20 Exception <a 'java/lang/NoSuchMethodError'{0x00000000899c83e8}: 'java.lang.Object java.lang.invoke.Invokers$Holder.linkToTargetMethod(java.lang.Object, long, java.lang.Object)'> (0x00000000899c83e8) 
thrown [s\open\src\hotspot\share\interpreter\linkResolver.cpp, line 766]
Event: 0.265 Thread 0x000002330eed2790 Exception <a 'java/lang/NoSuchMethodError'{0x000000008922b570}: 'void java.lang.invoke.DirectMethodHandle$Holder.invokeStatic(java.lang.Object, java.lang.Object, java.lang.Object)'> (0x000000008922b570) 
thrown [s\open\src\hotspot\share\interpreter\linkResolver.cpp, line 766]
Event: 0.282 Thread 0x000002330eed2790 Exception <a 'java/lang/NoSuchMethodError'{0x00000000892d5810}: 'void java.lang.invoke.DirectMethodHandle$Holder.invokeSpecial(java.lang.Object, java.lang.Object, java.lang.Object)'> (0x00000000892d5810) 
thrown [s\open\src\hotspot\share\interpreter\linkResolver.cpp, line 766]
Event: 0.287 Thread 0x000002330eed2790 Exception <a 'java/lang/NoSuchMethodError'{0x0000000089102580}: 'int java.lang.invoke.DirectMethodHandle$Holder.invokeVirtual(java.lang.Object, java.lang.Object)'> (0x0000000089102580) 
thrown [s\open\src\hotspot\share\interpreter\linkResolver.cpp, line 766]
Event: 0.292 Thread 0x000002330eed2790 Exception <a 'java/lang/NoSuchMethodError'{0x0000000089120fe8}: 'java.lang.Object java.lang.invoke.DirectMethodHandle$Holder.invokeStaticInit(java.lang.Object, int)'> (0x0000000089120fe8) 
thrown [s\open\src\hotspot\share\interpreter\linkResolver.cpp, line 766]

VM Operations (6 events):
Event: 0.042 Executing VM operation: HandshakeAllThreads
Event: 0.042 Executing VM operation: HandshakeAllThreads done
Event: 0.124 Executing VM operation: HandshakeAllThreads
Event: 0.124 Executing VM operation: HandshakeAllThreads done
Event: 0.245 Executing VM operation: HandshakeAllThreads
Event: 0.245 Executing VM operation: HandshakeAllThreads done

Events (20 events):
Event: 0.014 Thread 0x000002332efffcf0 Thread added: 0x000002332efffcf0
Event: 0.014 Thread 0x000002332f000860 Thread added: 0x000002332f000860
Event: 0.022 Thread 0x000002332f022590 Thread added: 0x000002332f022590
Event: 0.022 Thread 0x000002332f022e40 Thread added: 0x000002332f022e40
Event: 0.022 Thread 0x000002332f0236f0 Thread added: 0x000002332f0236f0
Event: 0.022 Thread 0x000002332f023fa0 Thread added: 0x000002332f023fa0
Event: 0.022 Thread 0x000002332f024b80 Thread added: 0x000002332f024b80
Event: 0.022 Thread 0x000002332f025a80 Thread added: 0x000002332f025a80
Event: 0.022 Thread 0x000002332f029390 Thread added: 0x000002332f029390
Event: 0.033 Thread 0x00000233334a22b0 Thread added: 0x00000233334a22b0
Event: 0.035 Thread 0x00000233334a6dc0 Thread added: 0x00000233334a6dc0
Event: 0.037 Loaded shared library C:\Program Files\Java\jdk-18.0.1\bin\net.dll
Event: 0.039 Loaded shared library C:\Program Files\Java\jdk-18.0.1\bin\nio.dll
Event: 0.041 Loaded shared library C:\Program Files\Java\jdk-18.0.1\bin\zip.dll
Event: 0.056 Thread 0x00000233334cc860 Thread added: 0x00000233334cc860
Event: 0.069 Loaded shared library C:\Program Files\Java\jdk-18.0.1\bin\management.dll
Event: 0.074 Loaded shared library C:\Program Files\Java\jdk-18.0.1\bin\management_ext.dll
Event: 0.100 Loaded shared library C:\Program Files\Java\jdk-18.0.1\bin\jimage.dll
Event: 0.123 Thread 0x00000233335b2b20 Thread added: 0x00000233335b2b20
Event: 0.132 Loaded shared library C:\Program Files\Java\jdk-18.0.1\bin\verify.dll


Dynamic libraries:
0x00007ff7fff50000 - 0x00007ff7fff60000 	C:\Program Files\Java\jdk-18.0.1\bin\java.exe
0x00007ff900370000 - 0x00007ff900565000 	C:\WINDOWS\SYSTEM32\ntdll.dll
0x00007ff8fe6f0000 - 0x00007ff8fe7ad000 	C:\WINDOWS\System32\KERNEL32.DLL
0x00007ff8fdf60000 - 0x00007ff8fe22d000 	C:\WINDOWS\System32\KERNELBASE.dll
0x00007ff8fda80000 - 0x00007ff8fdb80000 	C:\WINDOWS\System32\ucrtbase.dll
0x00007ff8fa440000 - 0x00007ff8fa458000 	C:\Program Files\Java\jdk-18.0.1\bin\jli.dll
0x00007ff8f1260000 - 0x00007ff8f127a000 	C:\Program Files\Java\jdk-18.0.1\bin\VCRUNTIME140.dll
0x00007ff8fe640000 - 0x00007ff8fe6ee000 	C:\WINDOWS\System32\ADVAPI32.dll
0x00007ff8ff340000 - 0x00007ff8ff3de000 	C:\WINDOWS\System32\msvcrt.dll
0x00007ff8fe8b0000 - 0x00007ff8fe94c000 	C:\WINDOWS\System32\sechost.dll
0x00007ff900050000 - 0x00007ff900175000 	C:\WINDOWS\System32\RPCRT4.dll
0x00007ff8fe960000 - 0x00007ff8feb00000 	C:\WINDOWS\System32\USER32.dll
0x00007ff8fddd0000 - 0x00007ff8fddf2000 	C:\WINDOWS\System32\win32u.dll
0x00007ff8e2960000 - 0x00007ff8e2bfa000 	C:\WINDOWS\WinSxS\amd64_microsoft.windows.common-controls_6595b64144ccf1df_6.0.19041.1110_none_60b5254171f9507e\COMCTL32.dll
0x00007ff8ffec0000 - 0x00007ff8ffeea000 	C:\WINDOWS\System32\GDI32.dll
0x00007ff8fdb80000 - 0x00007ff8fdc8b000 	C:\WINDOWS\System32\gdi32full.dll
0x00007ff8fe280000 - 0x00007ff8fe31d000 	C:\WINDOWS\System32\msvcp_win.dll
0x00007ff8f65f0000 - 0x00007ff8f65fa000 	C:\WINDOWS\SYSTEM32\VERSION.dll
0x00007ff8ff6e0000 - 0x00007ff8ff710000 	C:\WINDOWS\System32\IMM32.DLL
0x00007ff8f7c70000 - 0x00007ff8f7c7c000 	C:\Program Files\Java\jdk-18.0.1\bin\vcruntime140_1.dll
0x00007ff8cfb00000 - 0x00007ff8cfb8d000 	C:\Program Files\Java\jdk-18.0.1\bin\msvcp140.dll
0x00007ff8c3670000 - 0x00007ff8c4280000 	C:\Program Files\Java\jdk-18.0.1\bin\server\jvm.dll
0x00007ff8fe950000 - 0x00007ff8fe958000 	C:\WINDOWS\System32\PSAPI.DLL
0x00007ff8e4030000 - 0x00007ff8e4057000 	C:\WINDOWS\SYSTEM32\WINMM.dll
0x00007ff8e64f0000 - 0x00007ff8e64f9000 	C:\WINDOWS\SYSTEM32\WSOCK32.dll
0x00007ff8ffef0000 - 0x00007ff8fff5b000 	C:\WINDOWS\System32\WS2_32.dll
0x00007ff8fc360000 - 0x00007ff8fc372000 	C:\WINDOWS\SYSTEM32\kernel.appcore.dll
0x00007ff8f6320000 - 0x00007ff8f632a000 	C:\Program Files\Java\jdk-18.0.1\bin\jimage.dll
0x00007ff8f8960000 - 0x00007ff8f8b44000 	C:\WINDOWS\SYSTEM32\DBGHELP.DLL
0x00007ff8e36b0000 - 0x00007ff8e36dc000 	C:\WINDOWS\SYSTEM32\dbgcore.DLL
0x00007ff8fdc90000 - 0x00007ff8fdd12000 	C:\WINDOWS\System32\bcryptPrimitives.dll
0x00007ff8e8dd0000 - 0x00007ff8e8df5000 	C:\Program Files\Java\jdk-18.0.1\bin\java.dll
0x00007ff8ced30000 - 0x00007ff8cee06000 	C:\Program Files\Java\jdk-18.0.1\bin\jsvml.dll
0x00007ff8ff770000 - 0x00007ff8ffeb4000 	C:\WINDOWS\System32\SHELL32.dll
0x00007ff8fba10000 - 0x00007ff8fc1a4000 	C:\WINDOWS\SYSTEM32\windows.storage.dll
0x00007ff8feb00000 - 0x00007ff8fee54000 	C:\WINDOWS\System32\combase.dll
0x00007ff8fd410000 - 0x00007ff8fd43c000 	C:\WINDOWS\SYSTEM32\Wldp.dll
0x00007ff8fe590000 - 0x00007ff8fe63d000 	C:\WINDOWS\System32\SHCORE.dll
0x00007ff8ff710000 - 0x00007ff8ff765000 	C:\WINDOWS\System32\shlwapi.dll
0x00007ff8fd9c0000 - 0x00007ff8fd9df000 	C:\WINDOWS\SYSTEM32\profapi.dll
0x00007ff8e1530000 - 0x00007ff8e1543000 	C:\Program Files\Java\jdk-18.0.1\bin\net.dll
0x00007ff8f48d0000 - 0x00007ff8f49da000 	C:\WINDOWS\SYSTEM32\WINHTTP.dll
0x00007ff8fd170000 - 0x00007ff8fd1da000 	C:\WINDOWS\system32\mswsock.dll
0x00007ff8e1480000 - 0x00007ff8e1496000 	C:\Program Files\Java\jdk-18.0.1\bin\nio.dll
0x00007ff8e0e80000 - 0x00007ff8e0e98000 	C:\Program Files\Java\jdk-18.0.1\bin\zip.dll
0x00007ff8f2440000 - 0x00007ff8f2449000 	C:\Program Files\Java\jdk-18.0.1\bin\management.dll
0x00007ff8efcc0000 - 0x00007ff8efccb000 	C:\Program Files\Java\jdk-18.0.1\bin\management_ext.dll
0x00007ff8f5a80000 - 0x00007ff8f5a90000 	C:\Program Files\Java\jdk-18.0.1\bin\verify.dll

dbghelp: loaded successfully - version: 4.0.5 - missing functions: none
symbol engine: initialized successfully - sym options: 0x614 - pdb path: (cannot be retrieved)

VM Arguments:
java_command: C:\Users\ASUS\AppData\Local\Temp\surefire9488897508869353261\surefirebooter101942192440718724.jar C:\Users\ASUS\AppData\Local\Temp\surefire9488897508869353261 2022-05-25T18-01-32_396-jvmRun1 surefire1391686181238835444tmp surefire_014254202680497245610tmp
java_class_path (initial): C:\Users\ASUS\AppData\Local\Temp\surefire9488897508869353261\surefirebooter101942192440718724.jar
Launcher Type: SUN_STANDARD

[Global flags]
     intx CICompilerCount                          = 4                                         {product} {ergonomic}
     uint ConcGCThreads                            = 2                                         {product} {ergonomic}
     uint G1ConcRefinementThreads                  = 8                                         {product} {ergonomic}
   size_t G1HeapRegionSize                         = 1048576                                   {product} {ergonomic}
    uintx GCDrainStackTargetSize                   = 64                                        {product} {ergonomic}
   size_t InitialHeapSize                          = 134217728                                 {product} {ergonomic}
   size_t MarkStackSize                            = 4194304                                   {product} {ergonomic}
   size_t MaxHeapSize                              = 2116026368                                {product} {ergonomic}
   size_t MaxNewSize                               = 1268776960                                {product} {ergonomic}
   size_t MinHeapDeltaBytes                        = 1048576                                   {product} {ergonomic}
   size_t MinHeapSize                              = 8388608                                   {product} {ergonomic}
    uintx NonNMethodCodeHeapSize                   = 5839372                                {pd product} {ergonomic}
    uintx NonProfiledCodeHeapSize                  = 122909434                              {pd product} {ergonomic}
    uintx ProfiledCodeHeapSize                     = 122909434                              {pd product} {ergonomic}
    uintx ReservedCodeCacheSize                    = 251658240                              {pd product} {ergonomic}
     bool SegmentedCodeCache                       = true                                      {product} {ergonomic}
   size_t SoftMaxHeapSize                          = 2116026368                             {manageable} {ergonomic}
     bool UseCompressedClassPointers               = true                           {product lp64_product} {ergonomic}
     bool UseCompressedOops                        = true                           {product lp64_product} {ergonomic}
     bool UseG1GC                                  = true                                      {product} {ergonomic}
     bool UseLargePagesIndividualAllocation        = false                                  {pd product} {ergonomic}

Logging:
Log output configuration:
 #0: stdout all=warning uptime,level,tags foldmultilines=false
 #1: stderr all=off uptime,level,tags foldmultilines=false

Environment Variables:
PATH=C:\Program Files\Java\jdk-17\bin;C:\Program Files\Common Files\Oracle\Java\javapath;C:\Program Files\Eclipse Foundation\jdk-11.0.12.7-hotspot\bin;C:\Program Files (x86)\Intel\iCLS Client\;C:\Program Files\Intel\iCLS Client\;C:\Windows\system32;C:\Windows;C:\Windows\System32\Wbem;C:\Windows\System32\WindowsPowerShell\v1.0\;C:\Windows\System32\OpenSSH\;C:\Program Files (x86)\NVIDIA Corporation\PhysX\Common;C:\Program Files (x86)\Intel\Intel(R) Management Engine Components\DAL;C:\Program Files\Intel\Intel(R) Management Engine Components\DAL;C:\Program Files (x86)\Intel\Intel(R) Management Engine Components\IPT;C:\Program Files\Intel\Intel(R) Management Engine Components\IPT;C:\Program Files\Intel\WiFi\bin\;C:\Program Files\Common Files\Intel\WirelessCommon\;C:\Program Files\NVIDIA Corporation\NVIDIA NvDLISR;C:\WINDOWS\system32;C:\WINDOWS;C:\WINDOWS\System32\Wbem;C:\WINDOWS\System32\WindowsPowerShell\v1.0\;C:\WINDOWS\System32\OpenSSH\;C:\Program Files\Git\cmd;C:\Program Files\dotnet\;C:\Program Files\Microsoft SQL Server\130\Tools\Binn\;C:\Program Files\Microsoft SQL Server\Client SDK\ODBC\170\Tools\Binn\;D:\;C:\Program Files\Azure Data Studio\bin;C:\Program Files (x86)\Microsoft SQL Server\150\Tools\Binn\;C:\Program Files\Microsoft SQL Server\150\Tools\Binn\;C:\Program Files\Microsoft SQL Server\150\DTS\Binn\;C:\Program Files (x86)\dotnet\;C:\Program Files (x86)\Microsoft SQL Server\150\DTS\Binn\;C:\Program Files\Java\jdk-17\bin;C:\Users\ASUS\AppData\Local\Programs\Python\Python39\Scripts\;C:\Users\ASUS\AppData\Local\Programs\Python\Python39\;C:\Users\ASUS\AppData\Local\Microsoft\WindowsApps;C:\xampp\mysql\bin;C:\Program Files\JetBrains\PyCharm Community Edition 2021.1.2\bin;;C:\Users\ASUS\AppData\Local\GitHubDesktop\bin;C:\Users\ASUS\.dotnet\tools;C:\Users\ASUS\AppData\Roaming\npm;D:\Azure Data Studio\bin;C:\Program Files\Azure Data Studio\bin;D:\Microsoft VS Code\bin;C:\Program Files\JetBrains\IntelliJ IDEA 2021.2.2\bin;;
USERNAME=ASUS
OS=Windows_NT
PROCESSOR_IDENTIFIER=Intel64 Family 6 Model 142 Stepping 10, GenuineIntel



---------------  S Y S T E M  ---------------

OS:
 Windows 10 , 64 bit Build 19041 (10.0.19041.1706)
OS uptime: 1 days 4:28 hours

CPU: total 8 (initial active 8) (4 cores per cpu, 2 threads per core) family 6 model 142 stepping 10 microcode 0xb4, cx8, cmov, fxsr, ht, mmx, 3dnowpref, sse, sse2, sse3, ssse3, sse4.1, sse4.2, popcnt, lzcnt, tsc, tscinvbit, avx, avx2, aes, erms, clmul, bmi1, bmi2, adx, fma, vzeroupper, clflush, clflushopt

Memory: 4k page, system-wide physical 8070M (302M free)
TotalPageFile size 15262M (AvailPageFile size 0M)
current process WorkingSet (physical memory assigned to process): 56M, peak: 56M
current process commit charge ("private bytes"): 221M, peak: 221M

vm_info: Java HotSpot(TM) 64-Bit Server VM (18.0.1+10-24) for windows-amd64 JRE (18.0.1+10-24), built on Mar  9 2022 22:41:56 by "mach5one" with MS VC++ 16.8 / 16.9 (VS2019)

END.
